<?xml version="1.0" encoding="UTF-8"?>
<testsuite xmlns:xsi="http://www.w3.org/2001/XMLSchema-instance" xsi:noNamespaceSchemaLocation="https://maven.apache.org/surefire/maven-failsafe-plugin/xsd/failsafe-test-report-3.0.xsd" version="3.0" name="starter.CucumberTestSuite" time="54.038" tests="3" errors="0" skipped="0" failures="0">
  <properties>
[...]
</properties>
  <testcase name="User Login Successfully" classname="Login - Kompas.com" time="19.421">
    <system-out><![CDATA[21:09:51.039 [main] INFO io.cucumber.core.plugin.SerenityReporter - Running feature from file:///D:/AUTOMATION%20TEST/web-automation-kompas-with-serenity/src/test/resources/features/Login.feature
21:09:51.198 [main] INFO  - 

-------------------------------------------------------------------------------------
     _______. _______ .______       _______ .__   __.  __  .___________.____    ____ 
    /       ||   ____||   _  \     |   ____||  \ |  | |  | |           |\   \  /   / 
   |   (----`|  |__   |  |_)  |    |  |__   |   \|  | |  | `---|  |----` \   \/   /  
    \   \    |   __|  |      /     |   __|  |  . `  | |  |     |  |       \_    _/   
.----)   |   |  |____ |  |\  \----.|  |____ |  |\   | |  |     |  |         |  |     
|_______/    |_______|| _| `._____||_______||__| \__| |__|     |__|         |__|    
                                                                                     
 News and tutorials at http://www.serenity-bdd.info                                  
 Documentation at https://wakaleo.gitbooks.io/the-serenity-book/content/             
 Join the Serenity Community on Gitter: https://gitter.im/serenity-bdd/serenity-core 
 Serenity BDD Support and Training at http://serenity-bdd.info/#/trainingandsupport  
-------------------------------------------------------------------------------------

21:09:51.198 [main] DEBUG net.thucydides.core.steps.StepEventBus - Test suite started for story net.thucydides.core.model.Story@81ab6f41
21:09:51.198 [main] INFO  - Test Suite Started: Login - Kompas.com
21:09:51.226 [main] INFO io.cucumber.core.plugin.SerenityReporter - Running feature from file:///D:/AUTOMATION%20TEST/web-automation-kompas-with-serenity/src/test/resources/features/Search.feature
21:09:51.229 [main] DEBUG net.thucydides.core.steps.StepEventBus - Test suite started for story net.thucydides.core.model.Story@29a541d0
21:09:51.231 [main] INFO  - Test Suite Started: Search Berita in kompas
21:09:51.231 [main] INFO io.cucumber.core.plugin.SerenityReporter - Running feature from file:///D:/AUTOMATION%20TEST/web-automation-kompas-with-serenity/src/test/resources/features/Login.feature
21:09:51.232 [main] DEBUG net.thucydides.core.steps.StepEventBus - Test suite started for story net.thucydides.core.model.Story@81ab6f41
21:09:51.233 [main] INFO  - Test Suite Started: Login - Kompas.com

@Login-Feature @Login-Successfully
Scenario: User Login Successfully &amp#27;[90m# src/test/resources/features/Login.feature:8&amp#27;[0m
21:09:51.319 [main] INFO io.cucumber.core.plugin.SerenityReporter - Running feature from file:///D:/AUTOMATION%20TEST/web-automation-kompas-with-serenity/src/test/resources/features/Login.feature
21:09:51.462 [main] INFO  - 
  _____   ___   ___   _____     ___   _____     _     ___   _____   ___   ___  
 |_   _| | __| / __| |_   _|   / __| |_   _|   /_\   | _ \ |_   _| | __| |   \ 
   | |   | _|  \__ \   | |     \__ \   | |    / _ \  |   /   | |   | _|  | |) |
   |_|   |___| |___/   |_|     |___/   |_|   /_/ \_\ |_|_\   |_|   |___| |___/ 

User Login Successfully(login---kompas.com;user-login-successfully)
--------------------------------------------------------------------------------
21:09:52.085 [main] DEBUG net.thucydides.core.steps.StepInterceptor - STARTING STEP: LoginSteps.OpenKompasLoginPage - onPage
21:09:52.132 [main] INFO net.serenitybdd.core.webdriver.driverproviders.ChromeDriverProvider - Using automatically driver download
21:09:53.009 [main] DEBUG io.github.bonigarcia.wdm.cache.ResolutionCache - Resolution chrome=102 in cache (valid until 21:54:59 21/06/2022 ICT)
21:09:53.025 [main] DEBUG io.github.bonigarcia.wdm.cache.ResolutionCache - Resolution chrome102=102.0.5005.61 in cache (valid until 09:08:44 22/06/2022 ICT)
21:09:53.025 [main] INFO io.github.bonigarcia.wdm.WebDriverManager - Using chromedriver 102.0.5005.61 (resolved driver for Chrome 102)
21:09:53.040 [main] DEBUG io.github.bonigarcia.wdm.WebDriverManager - Driver chromedriver 102.0.5005.61 found in cache
21:09:53.040 [main] INFO io.github.bonigarcia.wdm.WebDriverManager - Exporting webdriver.chrome.driver as C:\Users\ASUS\.cache\selenium\chromedriver\win32\102.0.5005.61\chromedriver.exe
21:09:53.149 [main] DEBUG net.thucydides.core.reflection.ClassFinder - Could not load class .starter.CucumberTestSuite
21:09:53.149 [main] DEBUG net.thucydides.core.reflection.ClassFinder - Could not load class .starter.pages.HomePage
21:09:53.149 [main] DEBUG net.thucydides.core.reflection.ClassFinder - Could not load class .starter.pages.LoginPage
21:09:53.149 [main] DEBUG net.thucydides.core.reflection.ClassFinder - Could not load class .starter.pages.SearchPage
21:09:53.149 [main] DEBUG net.thucydides.core.reflection.ClassFinder - Could not load class .starter.stepdefinitions.LoginSteps
21:09:53.149 [main] DEBUG net.thucydides.core.reflection.ClassFinder - Could not load class .starter.stepdefinitions.SearchStep
21:09:53.231 [main] DEBUG net.serenitybdd.core.webdriver.driverproviders.ProvideNewDriver - Instantiating driver
21:09:53.231 [main] DEBUG net.serenitybdd.core.webdriver.driverproviders.ProvideNewDriver - Driver capabilities: Capabilities {acceptInsecureCerts: false, base.url: https://account.kompas.com/..., browserName: chrome, chrome.driver: src/test/resources/webdrive..., driver: chrome, goog:chromeOptions: {args: [], extensions: []}}
21:09:53.310 [main] DEBUG io.netty.util.internal.logging.InternalLoggerFactory - Using SLF4J as the default logging framework
21:09:53.326 [main] DEBUG io.netty.util.ResourceLeakDetector - -Dio.netty.leakDetection.level: simple
21:09:53.326 [main] DEBUG io.netty.util.ResourceLeakDetector - -Dio.netty.leakDetection.targetRecords: 4
21:09:53.326 [main] DEBUG io.netty.util.ResourceLeakDetectorFactory - Loaded default ResourceLeakDetector: io.netty.util.ResourceLeakDetector@11124ee
21:09:53.358 [main] DEBUG io.netty.util.internal.PlatformDependent0 - -Dio.netty.noUnsafe: false
21:09:53.358 [main] DEBUG io.netty.util.internal.PlatformDependent0 - Java version: 8
21:09:53.359 [main] DEBUG io.netty.util.internal.PlatformDependent0 - sun.misc.Unsafe.theUnsafe: available
21:09:53.360 [main] DEBUG io.netty.util.internal.PlatformDependent0 - sun.misc.Unsafe.copyMemory: available
21:09:53.360 [main] DEBUG io.netty.util.internal.PlatformDependent0 - java.nio.Buffer.address: available
21:09:53.361 [main] DEBUG io.netty.util.internal.PlatformDependent0 - direct buffer constructor: available
21:09:53.361 [main] DEBUG io.netty.util.internal.PlatformDependent0 - java.nio.Bits.unaligned: available, true
21:09:53.361 [main] DEBUG io.netty.util.internal.PlatformDependent0 - jdk.internal.misc.Unsafe.allocateUninitializedArray(int): unavailable prior to Java9
21:09:53.361 [main] DEBUG io.netty.util.internal.PlatformDependent0 - java.nio.DirectByteBuffer.<init>(long, int): available
21:09:53.361 [main] DEBUG io.netty.util.internal.PlatformDependent - sun.misc.Unsafe: available
21:09:53.361 [main] DEBUG io.netty.util.internal.PlatformDependent - -Dio.netty.tmpdir: C:\Users\ASUS\AppData\Local\Temp (java.io.tmpdir)
21:09:53.361 [main] DEBUG io.netty.util.internal.PlatformDependent - -Dio.netty.bitMode: 32 (sun.arch.data.model)
21:09:53.362 [main] DEBUG io.netty.util.internal.PlatformDependent - Platform: Windows
21:09:53.362 [main] DEBUG io.netty.util.internal.PlatformDependent - -Dio.netty.maxDirectMemory: 259522560 bytes
21:09:53.362 [main] DEBUG io.netty.util.internal.PlatformDependent - -Dio.netty.uninitializedArrayAllocationThreshold: -1
21:09:53.363 [main] DEBUG io.netty.util.internal.CleanerJava6 - java.nio.ByteBuffer.cleaner(): available
21:09:53.363 [main] DEBUG io.netty.util.internal.PlatformDependent - -Dio.netty.noPreferDirect: false
21:09:53.371 [main] DEBUG io.netty.util.internal.PlatformDependent - org.jctools-core.MpscChunkedArrayQueue: available
21:09:53.386 [main] DEBUG io.netty.util.internal.InternalThreadLocalMap - -Dio.netty.threadLocalMap.stringBuilder.initialSize: 1024
21:09:53.386 [main] DEBUG io.netty.util.internal.InternalThreadLocalMap - -Dio.netty.threadLocalMap.stringBuilder.maxSize: 4096
21:09:53.417 [main] DEBUG io.netty.handler.ssl.JdkSslContext - Default protocols (JDK): [TLSv1.2] 
21:09:53.417 [main] DEBUG io.netty.handler.ssl.JdkSslContext - Default cipher suites (JDK): [TLS_ECDHE_ECDSA_WITH_AES_256_GCM_SHA384, TLS_ECDHE_ECDSA_WITH_AES_128_GCM_SHA256, TLS_ECDHE_RSA_WITH_AES_128_GCM_SHA256, TLS_ECDHE_RSA_WITH_AES_256_GCM_SHA384, TLS_ECDHE_RSA_WITH_AES_128_CBC_SHA, TLS_ECDHE_RSA_WITH_AES_256_CBC_SHA, TLS_RSA_WITH_AES_128_GCM_SHA256, TLS_RSA_WITH_AES_128_CBC_SHA, TLS_RSA_WITH_AES_256_CBC_SHA, TLS_AES_128_GCM_SHA256, TLS_AES_256_GCM_SHA384]
21:09:53.448 [main] DEBUG io.netty.channel.MultithreadEventLoopGroup - -Dio.netty.eventLoopThreads: 16
21:09:53.464 [main] DEBUG io.netty.channel.nio.NioEventLoop - -Dio.netty.noKeySetOptimization: false
21:09:53.464 [main] DEBUG io.netty.channel.nio.NioEventLoop - -Dio.netty.selectorAutoRebuildThreshold: 512
21:09:53.511 [main] DEBUG io.netty.buffer.PooledByteBufAllocator - -Dio.netty.allocator.numHeapArenas: 2
21:09:53.511 [main] DEBUG io.netty.buffer.PooledByteBufAllocator - -Dio.netty.allocator.numDirectArenas: 2
21:09:53.511 [main] DEBUG io.netty.buffer.PooledByteBufAllocator - -Dio.netty.allocator.pageSize: 8192
21:09:53.511 [main] DEBUG io.netty.buffer.PooledByteBufAllocator - -Dio.netty.allocator.maxOrder: 11
21:09:53.511 [main] DEBUG io.netty.buffer.PooledByteBufAllocator - -Dio.netty.allocator.chunkSize: 16777216
21:09:53.511 [main] DEBUG io.netty.buffer.PooledByteBufAllocator - -Dio.netty.allocator.smallCacheSize: 256
21:09:53.511 [main] DEBUG io.netty.buffer.PooledByteBufAllocator - -Dio.netty.allocator.normalCacheSize: 64
21:09:53.511 [main] DEBUG io.netty.buffer.PooledByteBufAllocator - -Dio.netty.allocator.maxCachedBufferCapacity: 32768
21:09:53.511 [main] DEBUG io.netty.buffer.PooledByteBufAllocator - -Dio.netty.allocator.cacheTrimInterval: 8192
21:09:53.511 [main] DEBUG io.netty.buffer.PooledByteBufAllocator - -Dio.netty.allocator.cacheTrimIntervalMillis: 0
21:09:53.511 [main] DEBUG io.netty.buffer.PooledByteBufAllocator - -Dio.netty.allocator.useCacheForAllThreads: true
21:09:53.511 [main] DEBUG io.netty.buffer.PooledByteBufAllocator - -Dio.netty.allocator.maxCachedByteBuffersPerChunk: 1023
21:09:53.526 [main] DEBUG io.netty.buffer.ByteBufUtil - -Dio.netty.allocator.type: pooled
21:09:53.526 [main] DEBUG io.netty.buffer.ByteBufUtil - -Dio.netty.threadLocalDirectBufferSize: 0
21:09:53.526 [main] DEBUG io.netty.buffer.ByteBufUtil - -Dio.netty.maxThreadLocalCharBufferSize: 16384
21:09:54.303 [Forwarding newSession on session null to remote] DEBUG io.netty.channel.DefaultChannelId - -Dio.netty.processId: 6052 (auto-detected)
21:09:54.303 [Forwarding newSession on session null to remote] DEBUG io.netty.util.NetUtil - -Djava.net.preferIPv4Stack: false
21:09:54.303 [Forwarding newSession on session null to remote] DEBUG io.netty.util.NetUtil - -Djava.net.preferIPv6Addresses: false
21:09:54.452 [Forwarding newSession on session null to remote] DEBUG io.netty.util.NetUtilInitializations - Loopback interface: lo (Software Loopback Interface 1, 127.0.0.1)
21:09:54.467 [Forwarding newSession on session null to remote] DEBUG io.netty.util.NetUtil - Failed to get SOMAXCONN from sysctl and file \proc\sys\net\core\somaxconn. Default: 200
21:09:54.624 [Forwarding newSession on session null to remote] DEBUG io.netty.channel.DefaultChannelId - -Dio.netty.machineId: 3c:58:c2:ff:fe:bc:fb:24 (auto-detected)
21:09:54.692 [AsyncHttpClient-1-2] DEBUG io.netty.buffer.AbstractByteBuf - -Dio.netty.buffer.checkAccessible: true
21:09:54.692 [AsyncHttpClient-1-2] DEBUG io.netty.buffer.AbstractByteBuf - -Dio.netty.buffer.checkBounds: true
21:09:54.692 [AsyncHttpClient-1-2] DEBUG io.netty.util.ResourceLeakDetectorFactory - Loaded default ResourceLeakDetector: io.netty.util.ResourceLeakDetector@253ca4
21:09:54.707 [AsyncHttpClient-1-2] DEBUG org.asynchttpclient.netty.channel.NettyConnectListener - Using new Channel '[id: 0x4c91d69c, L:/127.0.0.1:51214 - R:localhost/127.0.0.1:61283]' for 'POST' to '/session'
21:09:54.739 [AsyncHttpClient-1-2] DEBUG io.netty.util.Recycler - -Dio.netty.recycler.maxCapacityPerThread: 4096
21:09:54.739 [AsyncHttpClient-1-2] DEBUG io.netty.util.Recycler - -Dio.netty.recycler.ratio: 8
21:09:54.739 [AsyncHttpClient-1-2] DEBUG io.netty.util.Recycler - -Dio.netty.recycler.chunkSize: 32
21:09:54.739 [AsyncHttpClient-1-2] DEBUG io.netty.util.Recycler - -Dio.netty.recycler.blocking: false
21:09:55.790 [AsyncHttpClient-1-2] DEBUG io.netty.handler.codec.compression.Brotli - brotli4j not in the classpath; Brotli support will be unavailable.
21:09:55.790 [AsyncHttpClient-1-2] DEBUG org.asynchttpclient.netty.handler.HttpHandler - 

Request DefaultHttpRequest(decodeResult: success, version: HTTP/1.1)
POST /session HTTP/1.1
User-Agent: selenium/4.1.2 (java windows)
Content-Length: 624
Content-Type: application/json; charset=utf-8
host: localhost:61283
accept: */*

Response DefaultHttpResponse(decodeResult: success, version: HTTP/1.1)
HTTP/1.1 200 OK
Content-Type: application/json; charset=utf-8
cache-control: no-cache
content-length: 789

21:09:55.800 [AsyncHttpClient-1-2] DEBUG org.asynchttpclient.netty.channel.ChannelManager - Adding key: http://localhost:61283 for channel [id: 0x4c91d69c, L:/127.0.0.1:51214 - R:localhost/127.0.0.1:61283]
21:09:55.885 [AsyncHttpClient-1-3] DEBUG org.asynchttpclient.netty.channel.NettyConnectListener - Using new Channel '[id: 0x073e05dc, L:/127.0.0.1:51221 - R:localhost/127.0.0.1:51215]' for 'GET' to '/json/version'
21:09:55.889 [AsyncHttpClient-1-3] DEBUG org.asynchttpclient.netty.handler.HttpHandler - 

Request DefaultFullHttpRequest(decodeResult: success, version: HTTP/1.1, content: EmptyByteBufBE)
GET /json/version HTTP/1.1
User-Agent: selenium/4.1.2 (java windows)
host: localhost:51215
accept: */*

Response DefaultHttpResponse(decodeResult: success, version: HTTP/1.1)
HTTP/1.1 200 OK
Content-Type: application/json; charset=UTF-8
content-length: 428

21:09:55.890 [AsyncHttpClient-1-3] DEBUG org.asynchttpclient.netty.channel.ChannelManager - Adding key: http://localhost:51215 for channel [id: 0x073e05dc, L:/127.0.0.1:51221 - R:localhost/127.0.0.1:51215]
21:09:55.897 [main] DEBUG io.netty.util.internal.ThreadLocalRandom - -Dio.netty.initialSeedUniquifier: 0x9ba23b215caa096b
21:09:55.909 [AsyncHttpClient-1-4] DEBUG org.asynchttpclient.netty.channel.NettyConnectListener - Using new Channel '[id: 0xc3974286, L:/127.0.0.1:51222 - R:localhost/127.0.0.1:51215]' for 'GET' to '/devtools/browser/a9d12881-bb8b-4c5d-8936-e1da7573f812'
21:09:55.910 [AsyncHttpClient-1-4] DEBUG org.asynchttpclient.netty.handler.WebSocketHandler - 

Request DefaultFullHttpRequest(decodeResult: success, version: HTTP/1.1, content: EmptyByteBufBE)
GET /devtools/browser/a9d12881-bb8b-4c5d-8936-e1da7573f812 HTTP/1.1
upgrade: websocket
connection: upgrade
sec-websocket-key: aK8I/tdpii64NTvQzHd0Rw==
sec-websocket-version: 13
origin: http://localhost:51215
host: localhost:51215
accept: */*
user-agent: AHC/2.1

Response DefaultHttpResponse(decodeResult: success, version: HTTP/1.1)
HTTP/1.1 101 WebSocket Protocol Handshake
Upgrade: WebSocket
Connection: Upgrade
Sec-WebSocket-Accept: 7pajexr/F+JDQLpRSS34JUszzXg=

21:09:56.050 [main] DEBUG net.thucydides.core.reflection.ClassFinder - Could not load class .starter.CucumberTestSuite
21:09:56.050 [main] DEBUG net.thucydides.core.reflection.ClassFinder - Could not load class .starter.pages.HomePage
21:09:56.050 [main] DEBUG net.thucydides.core.reflection.ClassFinder - Could not load class .starter.pages.LoginPage
21:09:56.050 [main] DEBUG net.thucydides.core.reflection.ClassFinder - Could not load class .starter.pages.SearchPage
21:09:56.050 [main] DEBUG net.thucydides.core.reflection.ClassFinder - Could not load class .starter.stepdefinitions.LoginSteps
21:09:56.050 [main] DEBUG net.thucydides.core.reflection.ClassFinder - Could not load class .starter.stepdefinitions.SearchStep
21:09:56.056 [Forwarding get on session 0fd8b900e59d5847d3b1eea8d561d030 to remote] DEBUG org.asynchttpclient.netty.request.NettyRequestSender - Using pooled Channel '[id: 0x4c91d69c, L:/127.0.0.1:51214 - R:localhost/127.0.0.1:61283]' for 'POST' to 'http://localhost:61283/session/0fd8b900e59d5847d3b1eea8d561d030/url'
21:09:56.056 [Forwarding get on session 0fd8b900e59d5847d3b1eea8d561d030 to remote] DEBUG org.asynchttpclient.netty.request.NettyRequestSender - Using open Channel [id: 0x4c91d69c, L:/127.0.0.1:51214 - R:localhost/127.0.0.1:61283] for POST '/session/0fd8b900e59d5847d3b1eea8d561d030/url'
21:09:56.679 [AsyncHttpClient-1-1] DEBUG org.asynchttpclient.netty.channel.DefaultChannelPool - Entry count for : http://localhost:51215 : 1
21:09:57.786 [AsyncHttpClient-1-1] DEBUG org.asynchttpclient.netty.channel.DefaultChannelPool - Entry count for : http://localhost:51215 : 1
21:09:58.513 [AsyncHttpClient-1-2] DEBUG org.asynchttpclient.netty.handler.HttpHandler - 

Request DefaultHttpRequest(decodeResult: success, version: HTTP/1.1)
POST /session/0fd8b900e59d5847d3b1eea8d561d030/url HTTP/1.1
User-Agent: selenium/4.1.2 (java windows)
Content-Length: 79
Content-Type: application/json; charset=utf-8
host: localhost:61283
accept: */*

Response DefaultHttpResponse(decodeResult: success, version: HTTP/1.1)
HTTP/1.1 200 OK
Content-Type: application/json; charset=utf-8
cache-control: no-cache
content-length: 14

21:09:58.513 [AsyncHttpClient-1-2] DEBUG org.asynchttpclient.netty.channel.ChannelManager - Adding key: http://localhost:61283 for channel [id: 0x4c91d69c, L:/127.0.0.1:51214 - R:localhost/127.0.0.1:61283]
21:09:58.520 [Forwarding setTimeout on session 0fd8b900e59d5847d3b1eea8d561d030 to remote] DEBUG org.asynchttpclient.netty.request.NettyRequestSender - Using pooled Channel '[id: 0x4c91d69c, L:/127.0.0.1:51214 - R:localhost/127.0.0.1:61283]' for 'POST' to 'http://localhost:61283/session/0fd8b900e59d5847d3b1eea8d561d030/timeouts'
21:09:58.520 [Forwarding setTimeout on session 0fd8b900e59d5847d3b1eea8d561d030 to remote] DEBUG org.asynchttpclient.netty.request.NettyRequestSender - Using open Channel [id: 0x4c91d69c, L:/127.0.0.1:51214 - R:localhost/127.0.0.1:61283] for POST '/session/0fd8b900e59d5847d3b1eea8d561d030/timeouts'
21:09:58.522 [AsyncHttpClient-1-2] DEBUG org.asynchttpclient.netty.handler.HttpHandler - 

Request DefaultHttpRequest(decodeResult: success, version: HTTP/1.1)
POST /session/0fd8b900e59d5847d3b1eea8d561d030/timeouts HTTP/1.1
User-Agent: selenium/4.1.2 (java windows)
Content-Length: 22
Content-Type: application/json; charset=utf-8
host: localhost:61283
accept: */*

Response DefaultHttpResponse(decodeResult: success, version: HTTP/1.1)
HTTP/1.1 200 OK
Content-Type: application/json; charset=utf-8
cache-control: no-cache
content-length: 14

21:09:58.522 [AsyncHttpClient-1-2] DEBUG org.asynchttpclient.netty.channel.ChannelManager - Adding key: http://localhost:61283 for channel [id: 0x4c91d69c, L:/127.0.0.1:51214 - R:localhost/127.0.0.1:61283]
21:09:58.529 [Forwarding getCurrentUrl on session 0fd8b900e59d5847d3b1eea8d561d030 to remote] DEBUG org.asynchttpclient.netty.request.NettyRequestSender - Using pooled Channel '[id: 0x4c91d69c, L:/127.0.0.1:51214 - R:localhost/127.0.0.1:61283]' for 'GET' to 'http://localhost:61283/session/0fd8b900e59d5847d3b1eea8d561d030/url'
21:09:58.529 [Forwarding getCurrentUrl on session 0fd8b900e59d5847d3b1eea8d561d030 to remote] DEBUG org.asynchttpclient.netty.request.NettyRequestSender - Using open Channel [id: 0x4c91d69c, L:/127.0.0.1:51214 - R:localhost/127.0.0.1:61283] for GET '/session/0fd8b900e59d5847d3b1eea8d561d030/url'
21:09:58.543 [AsyncHttpClient-1-2] DEBUG org.asynchttpclient.netty.handler.HttpHandler - 

Request DefaultFullHttpRequest(decodeResult: success, version: HTTP/1.1, content: EmptyByteBufBE)
GET /session/0fd8b900e59d5847d3b1eea8d561d030/url HTTP/1.1
User-Agent: selenium/4.1.2 (java windows)
Cache-Control: no-cache
Content-Type: application/json; charset=utf-8
host: localhost:61283
accept: */*

Response DefaultHttpResponse(decodeResult: success, version: HTTP/1.1)
HTTP/1.1 200 OK
Content-Type: application/json; charset=utf-8
cache-control: no-cache
content-length: 51

21:09:58.543 [AsyncHttpClient-1-2] DEBUG org.asynchttpclient.netty.channel.ChannelManager - Adding key: http://localhost:61283 for channel [id: 0x4c91d69c, L:/127.0.0.1:51214 - R:localhost/127.0.0.1:61283]
21:09:58.547 [Forwarding getCurrentUrl on session 0fd8b900e59d5847d3b1eea8d561d030 to remote] DEBUG org.asynchttpclient.netty.request.NettyRequestSender - Using pooled Channel '[id: 0x4c91d69c, L:/127.0.0.1:51214 - R:localhost/127.0.0.1:61283]' for 'GET' to 'http://localhost:61283/session/0fd8b900e59d5847d3b1eea8d561d030/url'
21:09:58.547 [Forwarding getCurrentUrl on session 0fd8b900e59d5847d3b1eea8d561d030 to remote] DEBUG org.asynchttpclient.netty.request.NettyRequestSender - Using open Channel [id: 0x4c91d69c, L:/127.0.0.1:51214 - R:localhost/127.0.0.1:61283] for GET '/session/0fd8b900e59d5847d3b1eea8d561d030/url'
21:09:58.555 [AsyncHttpClient-1-2] DEBUG org.asynchttpclient.netty.handler.HttpHandler - 

Request DefaultFullHttpRequest(decodeResult: success, version: HTTP/1.1, content: EmptyByteBufBE)
GET /session/0fd8b900e59d5847d3b1eea8d561d030/url HTTP/1.1
User-Agent: selenium/4.1.2 (java windows)
Cache-Control: no-cache
Content-Type: application/json; charset=utf-8
host: localhost:61283
accept: */*

Response DefaultHttpResponse(decodeResult: success, version: HTTP/1.1)
HTTP/1.1 200 OK
Content-Type: application/json; charset=utf-8
cache-control: no-cache
content-length: 51

21:09:58.555 [AsyncHttpClient-1-2] DEBUG org.asynchttpclient.netty.channel.ChannelManager - Adding key: http://localhost:61283 for channel [id: 0x4c91d69c, L:/127.0.0.1:51214 - R:localhost/127.0.0.1:61283]
21:09:58.577 [main] DEBUG net.serenitybdd.core.photography.Darkroom - Opening darkroom
21:09:58.578 [Darkroom Processing Line] DEBUG net.serenitybdd.core.photography.DarkroomProcessingLine - Darkroom processing line starting up
21:09:58.579 [Forwarding screenshot on session 0fd8b900e59d5847d3b1eea8d561d030 to remote] DEBUG org.asynchttpclient.netty.request.NettyRequestSender - Using pooled Channel '[id: 0x4c91d69c, L:/127.0.0.1:51214 - R:localhost/127.0.0.1:61283]' for 'GET' to 'http://localhost:61283/session/0fd8b900e59d5847d3b1eea8d561d030/screenshot'
21:09:58.579 [Forwarding screenshot on session 0fd8b900e59d5847d3b1eea8d561d030 to remote] DEBUG org.asynchttpclient.netty.request.NettyRequestSender - Using open Channel [id: 0x4c91d69c, L:/127.0.0.1:51214 - R:localhost/127.0.0.1:61283] for GET '/session/0fd8b900e59d5847d3b1eea8d561d030/screenshot'
21:09:58.671 [AsyncHttpClient-1-2] DEBUG org.asynchttpclient.netty.handler.HttpHandler - 

Request DefaultFullHttpRequest(decodeResult: success, version: HTTP/1.1, content: EmptyByteBufBE)
GET /session/0fd8b900e59d5847d3b1eea8d561d030/screenshot HTTP/1.1
User-Agent: selenium/4.1.2 (java windows)
Cache-Control: no-cache
Content-Type: application/json; charset=utf-8
host: localhost:61283
accept: */*

Response DefaultHttpResponse(decodeResult: success, version: HTTP/1.1)
HTTP/1.1 200 OK
Content-Type: application/json; charset=utf-8
cache-control: no-cache
content-length: 59408

21:09:58.687 [AsyncHttpClient-1-2] DEBUG org.asynchttpclient.netty.channel.ChannelManager - Adding key: http://localhost:61283 for channel [id: 0x4c91d69c, L:/127.0.0.1:51214 - R:localhost/127.0.0.1:61283]
21:09:58.788 [main] DEBUG net.serenitybdd.core.photography.Darkroom - Send negative for processing for target\site\serenity\79d8ae44de933f0b395c79202b506f6944ae63bf7eb5cb55e7fa3467b18a1bbd.png
21:09:58.788 [main] DEBUG net.thucydides.core.steps.StepInterceptor - STEP DONE: onPage
21:09:58.803 [main] DEBUG net.thucydides.core.steps.StepInterceptor - STARTING STEP: LoginSteps.OpenKompasLoginPage - ValidationLoginPage
21:09:58.803 [Forwarding findElement on session 0fd8b900e59d5847d3b1eea8d561d030 to remote] DEBUG org.asynchttpclient.netty.request.NettyRequestSender - Using pooled Channel '[id: 0x4c91d69c, L:/127.0.0.1:51214 - R:localhost/127.0.0.1:61283]' for 'POST' to 'http://localhost:61283/session/0fd8b900e59d5847d3b1eea8d561d030/element'
21:09:58.803 [Forwarding findElement on session 0fd8b900e59d5847d3b1eea8d561d030 to remote] DEBUG org.asynchttpclient.netty.request.NettyRequestSender - Using open Channel [id: 0x4c91d69c, L:/127.0.0.1:51214 - R:localhost/127.0.0.1:61283] for POST '/session/0fd8b900e59d5847d3b1eea8d561d030/element'
21:09:58.819 [AsyncHttpClient-1-2] DEBUG org.asynchttpclient.netty.handler.HttpHandler - 

Request DefaultHttpRequest(decodeResult: success, version: HTTP/1.1)
POST /session/0fd8b900e59d5847d3b1eea8d561d030/element HTTP/1.1
User-Agent: selenium/4.1.2 (java windows)
Content-Length: 70
Content-Type: application/json; charset=utf-8
host: localhost:61283
accept: */*

Response DefaultHttpResponse(decodeResult: success, version: HTTP/1.1)
HTTP/1.1 200 OK
Content-Type: application/json; charset=utf-8
cache-control: no-cache
content-length: 88

21:09:58.819 [AsyncHttpClient-1-2] DEBUG org.asynchttpclient.netty.channel.ChannelManager - Adding key: http://localhost:61283 for channel [id: 0x4c91d69c, L:/127.0.0.1:51214 - R:localhost/127.0.0.1:61283]
21:09:58.834 [Forwarding isElementDisplayed on session 0fd8b900e59d5847d3b1eea8d561d030 to remote] DEBUG org.asynchttpclient.netty.request.NettyRequestSender - Using pooled Channel '[id: 0x4c91d69c, L:/127.0.0.1:51214 - R:localhost/127.0.0.1:61283]' for 'POST' to 'http://localhost:61283/session/0fd8b900e59d5847d3b1eea8d561d030/execute/sync'
21:09:58.834 [Forwarding isElementDisplayed on session 0fd8b900e59d5847d3b1eea8d561d030 to remote] DEBUG org.asynchttpclient.netty.request.NettyRequestSender - Using open Channel [id: 0x4c91d69c, L:/127.0.0.1:51214 - R:localhost/127.0.0.1:61283] for POST '/session/0fd8b900e59d5847d3b1eea8d561d030/execute/sync'
21:09:58.850 [AsyncHttpClient-1-2] DEBUG org.asynchttpclient.netty.handler.HttpHandler - 

Request DefaultHttpRequest(decodeResult: success, version: HTTP/1.1)
POST /session/0fd8b900e59d5847d3b1eea8d561d030/execute/sync HTTP/1.1
User-Agent: selenium/4.1.2 (java windows)
Content-Length: 48780
Content-Type: application/json; charset=utf-8
host: localhost:61283
accept: */*

Response DefaultHttpResponse(decodeResult: success, version: HTTP/1.1)
HTTP/1.1 200 OK
Content-Type: application/json; charset=utf-8
cache-control: no-cache
content-length: 14

21:09:58.850 [AsyncHttpClient-1-2] DEBUG org.asynchttpclient.netty.channel.ChannelManager - Adding key: http://localhost:61283 for channel [id: 0x4c91d69c, L:/127.0.0.1:51214 - R:localhost/127.0.0.1:61283]
21:09:58.850 [Forwarding screenshot on session 0fd8b900e59d5847d3b1eea8d561d030 to remote] DEBUG org.asynchttpclient.netty.request.NettyRequestSender - Using pooled Channel '[id: 0x4c91d69c, L:/127.0.0.1:51214 - R:localhost/127.0.0.1:61283]' for 'GET' to 'http://localhost:61283/session/0fd8b900e59d5847d3b1eea8d561d030/screenshot'
21:09:58.850 [Forwarding screenshot on session 0fd8b900e59d5847d3b1eea8d561d030 to remote] DEBUG org.asynchttpclient.netty.request.NettyRequestSender - Using open Channel [id: 0x4c91d69c, L:/127.0.0.1:51214 - R:localhost/127.0.0.1:61283] for GET '/session/0fd8b900e59d5847d3b1eea8d561d030/screenshot'
21:09:58.881 [AsyncHttpClient-1-1] DEBUG org.asynchttpclient.netty.channel.DefaultChannelPool - Entry count for : http://localhost:51215 : 1
21:09:58.937 [AsyncHttpClient-1-2] DEBUG org.asynchttpclient.netty.handler.HttpHandler - 

Request DefaultFullHttpRequest(decodeResult: success, version: HTTP/1.1, content: EmptyByteBufBE)
GET /session/0fd8b900e59d5847d3b1eea8d561d030/screenshot HTTP/1.1
User-Agent: selenium/4.1.2 (java windows)
Cache-Control: no-cache
Content-Type: application/json; charset=utf-8
host: localhost:61283
accept: */*

Response DefaultHttpResponse(decodeResult: success, version: HTTP/1.1)
HTTP/1.1 200 OK
Content-Type: application/json; charset=utf-8
cache-control: no-cache
content-length: 59408

21:09:58.937 [AsyncHttpClient-1-2] DEBUG org.asynchttpclient.netty.channel.ChannelManager - Adding key: http://localhost:61283 for channel [id: 0x4c91d69c, L:/127.0.0.1:51214 - R:localhost/127.0.0.1:61283]
21:09:58.937 [main] DEBUG net.serenitybdd.core.photography.Darkroom - Send negative for processing for target\site\serenity\79d8ae44de933f0b395c79202b506f6944ae63bf7eb5cb55e7fa3467b18a1bbd.png
21:09:58.937 [main] DEBUG net.thucydides.core.steps.StepInterceptor - STEP DONE: ValidationLoginPage
  &amp#27;[32mGiven &amp#27;[0m&amp#27;[32mI Open Kompas Login Page&amp#27;[0m  &amp#27;[90m# starter.stepdefinitions.LoginSteps.OpenKompasLoginPage()&amp#27;[0m
21:09:58.953 [main] DEBUG net.thucydides.core.steps.StepInterceptor - STARTING STEP: LoginSteps.InputValidEmail - inputEmail
21:09:58.969 [Forwarding findElement on session 0fd8b900e59d5847d3b1eea8d561d030 to remote] DEBUG org.asynchttpclient.netty.request.NettyRequestSender - Using pooled Channel '[id: 0x4c91d69c, L:/127.0.0.1:51214 - R:localhost/127.0.0.1:61283]' for 'POST' to 'http://localhost:61283/session/0fd8b900e59d5847d3b1eea8d561d030/element'
21:09:58.969 [Forwarding findElement on session 0fd8b900e59d5847d3b1eea8d561d030 to remote] DEBUG org.asynchttpclient.netty.request.NettyRequestSender - Using open Channel [id: 0x4c91d69c, L:/127.0.0.1:51214 - R:localhost/127.0.0.1:61283] for POST '/session/0fd8b900e59d5847d3b1eea8d561d030/element'
21:09:58.969 [AsyncHttpClient-1-2] DEBUG org.asynchttpclient.netty.handler.HttpHandler - 

Request DefaultHttpRequest(decodeResult: success, version: HTTP/1.1)
POST /session/0fd8b900e59d5847d3b1eea8d561d030/element HTTP/1.1
User-Agent: selenium/4.1.2 (java windows)
Content-Length: 50
Content-Type: application/json; charset=utf-8
host: localhost:61283
accept: */*

Response DefaultHttpResponse(decodeResult: success, version: HTTP/1.1)
HTTP/1.1 200 OK
Content-Type: application/json; charset=utf-8
cache-control: no-cache
content-length: 88

21:09:58.969 [AsyncHttpClient-1-2] DEBUG org.asynchttpclient.netty.channel.ChannelManager - Adding key: http://localhost:61283 for channel [id: 0x4c91d69c, L:/127.0.0.1:51214 - R:localhost/127.0.0.1:61283]
21:09:58.987 [Forwarding clearElement on session 0fd8b900e59d5847d3b1eea8d561d030 to remote] DEBUG org.asynchttpclient.netty.request.NettyRequestSender - Using pooled Channel '[id: 0x4c91d69c, L:/127.0.0.1:51214 - R:localhost/127.0.0.1:61283]' for 'POST' to 'http://localhost:61283/session/0fd8b900e59d5847d3b1eea8d561d030/element/85eb95c3-522f-4b33-a328-c822ea96bebe/clear'
21:09:58.987 [Forwarding clearElement on session 0fd8b900e59d5847d3b1eea8d561d030 to remote] DEBUG org.asynchttpclient.netty.request.NettyRequestSender - Using open Channel [id: 0x4c91d69c, L:/127.0.0.1:51214 - R:localhost/127.0.0.1:61283] for POST '/session/0fd8b900e59d5847d3b1eea8d561d030/element/85eb95c3-522f-4b33-a328-c822ea96bebe/clear'
21:09:59.028 [AsyncHttpClient-1-2] DEBUG org.asynchttpclient.netty.handler.HttpHandler - 

Request DefaultHttpRequest(decodeResult: success, version: HTTP/1.1)
POST /session/0fd8b900e59d5847d3b1eea8d561d030/element/85eb95c3-522f-4b33-a328-c822ea96bebe/clear HTTP/1.1
User-Agent: selenium/4.1.2 (java windows)
Content-Length: 50
Content-Type: application/json; charset=utf-8
host: localhost:61283
accept: */*

Response DefaultHttpResponse(decodeResult: success, version: HTTP/1.1)
HTTP/1.1 200 OK
Content-Type: application/json; charset=utf-8
cache-control: no-cache
content-length: 14

21:09:59.029 [AsyncHttpClient-1-2] DEBUG org.asynchttpclient.netty.channel.ChannelManager - Adding key: http://localhost:61283 for channel [id: 0x4c91d69c, L:/127.0.0.1:51214 - R:localhost/127.0.0.1:61283]
21:09:59.034 [Forwarding sendKeysToElement on session 0fd8b900e59d5847d3b1eea8d561d030 to remote] DEBUG org.asynchttpclient.netty.request.NettyRequestSender - Using pooled Channel '[id: 0x4c91d69c, L:/127.0.0.1:51214 - R:localhost/127.0.0.1:61283]' for 'POST' to 'http://localhost:61283/session/0fd8b900e59d5847d3b1eea8d561d030/element/85eb95c3-522f-4b33-a328-c822ea96bebe/value'
21:09:59.034 [Forwarding sendKeysToElement on session 0fd8b900e59d5847d3b1eea8d561d030 to remote] DEBUG org.asynchttpclient.netty.request.NettyRequestSender - Using open Channel [id: 0x4c91d69c, L:/127.0.0.1:51214 - R:localhost/127.0.0.1:61283] for POST '/session/0fd8b900e59d5847d3b1eea8d561d030/element/85eb95c3-522f-4b33-a328-c822ea96bebe/value'
21:09:59.127 [AsyncHttpClient-1-2] DEBUG org.asynchttpclient.netty.handler.HttpHandler - 

Request DefaultHttpRequest(decodeResult: success, version: HTTP/1.1)
POST /session/0fd8b900e59d5847d3b1eea8d561d030/element/85eb95c3-522f-4b33-a328-c822ea96bebe/value HTTP/1.1
User-Agent: selenium/4.1.2 (java windows)
Content-Length: 361
Content-Type: application/json; charset=utf-8
host: localhost:61283
accept: */*

Response DefaultHttpResponse(decodeResult: success, version: HTTP/1.1)
HTTP/1.1 200 OK
Content-Type: application/json; charset=utf-8
cache-control: no-cache
content-length: 14

21:09:59.127 [AsyncHttpClient-1-2] DEBUG org.asynchttpclient.netty.channel.ChannelManager - Adding key: http://localhost:61283 for channel [id: 0x4c91d69c, L:/127.0.0.1:51214 - R:localhost/127.0.0.1:61283]
21:09:59.134 [Forwarding screenshot on session 0fd8b900e59d5847d3b1eea8d561d030 to remote] DEBUG org.asynchttpclient.netty.request.NettyRequestSender - Using pooled Channel '[id: 0x4c91d69c, L:/127.0.0.1:51214 - R:localhost/127.0.0.1:61283]' for 'GET' to 'http://localhost:61283/session/0fd8b900e59d5847d3b1eea8d561d030/screenshot'
21:09:59.134 [Forwarding screenshot on session 0fd8b900e59d5847d3b1eea8d561d030 to remote] DEBUG org.asynchttpclient.netty.request.NettyRequestSender - Using open Channel [id: 0x4c91d69c, L:/127.0.0.1:51214 - R:localhost/127.0.0.1:61283] for GET '/session/0fd8b900e59d5847d3b1eea8d561d030/screenshot'
21:09:59.235 [AsyncHttpClient-1-2] DEBUG org.asynchttpclient.netty.handler.HttpHandler - 

Request DefaultFullHttpRequest(decodeResult: success, version: HTTP/1.1, content: EmptyByteBufBE)
GET /session/0fd8b900e59d5847d3b1eea8d561d030/screenshot HTTP/1.1
User-Agent: selenium/4.1.2 (java windows)
Cache-Control: no-cache
Content-Type: application/json; charset=utf-8
host: localhost:61283
accept: */*

Response DefaultHttpResponse(decodeResult: success, version: HTTP/1.1)
HTTP/1.1 200 OK
Content-Type: application/json; charset=utf-8
cache-control: no-cache
content-length: 69220

21:09:59.235 [AsyncHttpClient-1-2] DEBUG org.asynchttpclient.netty.channel.ChannelManager - Adding key: http://localhost:61283 for channel [id: 0x4c91d69c, L:/127.0.0.1:51214 - R:localhost/127.0.0.1:61283]
21:09:59.237 [main] DEBUG net.serenitybdd.core.photography.Darkroom - Send negative for processing for target\site\serenity\c272d6e5bb56357d4f3f3f1b7d17ab26b13305c55ac51fa0de392aa6621dcc67.png
21:09:59.237 [main] DEBUG net.thucydides.core.steps.StepInterceptor - STEP DONE: inputEmail
  &amp#27;[32mWhen &amp#27;[0m&amp#27;[32mI Input valid email&amp#27;[0m        &amp#27;[90m# starter.stepdefinitions.LoginSteps.InputValidEmail()&amp#27;[0m
21:09:59.253 [main] DEBUG net.thucydides.core.steps.StepInterceptor - STARTING STEP: LoginSteps.InputValidPassword - inputPassword
21:09:59.255 [Forwarding findElement on session 0fd8b900e59d5847d3b1eea8d561d030 to remote] DEBUG org.asynchttpclient.netty.request.NettyRequestSender - Using pooled Channel '[id: 0x4c91d69c, L:/127.0.0.1:51214 - R:localhost/127.0.0.1:61283]' for 'POST' to 'http://localhost:61283/session/0fd8b900e59d5847d3b1eea8d561d030/element'
21:09:59.255 [Forwarding findElement on session 0fd8b900e59d5847d3b1eea8d561d030 to remote] DEBUG org.asynchttpclient.netty.request.NettyRequestSender - Using open Channel [id: 0x4c91d69c, L:/127.0.0.1:51214 - R:localhost/127.0.0.1:61283] for POST '/session/0fd8b900e59d5847d3b1eea8d561d030/element'
21:09:59.267 [AsyncHttpClient-1-2] DEBUG org.asynchttpclient.netty.handler.HttpHandler - 

Request DefaultHttpRequest(decodeResult: success, version: HTTP/1.1)
POST /session/0fd8b900e59d5847d3b1eea8d561d030/element HTTP/1.1
User-Agent: selenium/4.1.2 (java windows)
Content-Length: 53
Content-Type: application/json; charset=utf-8
host: localhost:61283
accept: */*

Response DefaultHttpResponse(decodeResult: success, version: HTTP/1.1)
HTTP/1.1 200 OK
Content-Type: application/json; charset=utf-8
cache-control: no-cache
content-length: 88

21:09:59.267 [AsyncHttpClient-1-2] DEBUG org.asynchttpclient.netty.channel.ChannelManager - Adding key: http://localhost:61283 for channel [id: 0x4c91d69c, L:/127.0.0.1:51214 - R:localhost/127.0.0.1:61283]
21:09:59.267 [Forwarding clearElement on session 0fd8b900e59d5847d3b1eea8d561d030 to remote] DEBUG org.asynchttpclient.netty.request.NettyRequestSender - Using pooled Channel '[id: 0x4c91d69c, L:/127.0.0.1:51214 - R:localhost/127.0.0.1:61283]' for 'POST' to 'http://localhost:61283/session/0fd8b900e59d5847d3b1eea8d561d030/element/f5b47093-82e0-45e4-bab1-05a21732fc77/clear'
21:09:59.267 [Forwarding clearElement on session 0fd8b900e59d5847d3b1eea8d561d030 to remote] DEBUG org.asynchttpclient.netty.request.NettyRequestSender - Using open Channel [id: 0x4c91d69c, L:/127.0.0.1:51214 - R:localhost/127.0.0.1:61283] for POST '/session/0fd8b900e59d5847d3b1eea8d561d030/element/f5b47093-82e0-45e4-bab1-05a21732fc77/clear'
21:09:59.297 [AsyncHttpClient-1-2] DEBUG org.asynchttpclient.netty.handler.HttpHandler - 

Request DefaultHttpRequest(decodeResult: success, version: HTTP/1.1)
POST /session/0fd8b900e59d5847d3b1eea8d561d030/element/f5b47093-82e0-45e4-bab1-05a21732fc77/clear HTTP/1.1
User-Agent: selenium/4.1.2 (java windows)
Content-Length: 50
Content-Type: application/json; charset=utf-8
host: localhost:61283
accept: */*

Response DefaultHttpResponse(decodeResult: success, version: HTTP/1.1)
HTTP/1.1 200 OK
Content-Type: application/json; charset=utf-8
cache-control: no-cache
content-length: 14

21:09:59.297 [AsyncHttpClient-1-2] DEBUG org.asynchttpclient.netty.channel.ChannelManager - Adding key: http://localhost:61283 for channel [id: 0x4c91d69c, L:/127.0.0.1:51214 - R:localhost/127.0.0.1:61283]
21:09:59.300 [Forwarding sendKeysToElement on session 0fd8b900e59d5847d3b1eea8d561d030 to remote] DEBUG org.asynchttpclient.netty.request.NettyRequestSender - Using pooled Channel '[id: 0x4c91d69c, L:/127.0.0.1:51214 - R:localhost/127.0.0.1:61283]' for 'POST' to 'http://localhost:61283/session/0fd8b900e59d5847d3b1eea8d561d030/element/f5b47093-82e0-45e4-bab1-05a21732fc77/value'
21:09:59.300 [Forwarding sendKeysToElement on session 0fd8b900e59d5847d3b1eea8d561d030 to remote] DEBUG org.asynchttpclient.netty.request.NettyRequestSender - Using open Channel [id: 0x4c91d69c, L:/127.0.0.1:51214 - R:localhost/127.0.0.1:61283] for POST '/session/0fd8b900e59d5847d3b1eea8d561d030/element/f5b47093-82e0-45e4-bab1-05a21732fc77/value'
21:09:59.555 [AsyncHttpClient-1-2] DEBUG org.asynchttpclient.netty.handler.HttpHandler - 

Request DefaultHttpRequest(decodeResult: success, version: HTTP/1.1)
POST /session/0fd8b900e59d5847d3b1eea8d561d030/element/f5b47093-82e0-45e4-bab1-05a21732fc77/value HTTP/1.1
User-Agent: selenium/4.1.2 (java windows)
Content-Length: 191
Content-Type: application/json; charset=utf-8
host: localhost:61283
accept: */*

Response DefaultHttpResponse(decodeResult: success, version: HTTP/1.1)
HTTP/1.1 200 OK
Content-Type: application/json; charset=utf-8
cache-control: no-cache
content-length: 14

21:09:59.555 [AsyncHttpClient-1-2] DEBUG org.asynchttpclient.netty.channel.ChannelManager - Adding key: http://localhost:61283 for channel [id: 0x4c91d69c, L:/127.0.0.1:51214 - R:localhost/127.0.0.1:61283]
21:09:59.570 [Forwarding screenshot on session 0fd8b900e59d5847d3b1eea8d561d030 to remote] DEBUG org.asynchttpclient.netty.request.NettyRequestSender - Using pooled Channel '[id: 0x4c91d69c, L:/127.0.0.1:51214 - R:localhost/127.0.0.1:61283]' for 'GET' to 'http://localhost:61283/session/0fd8b900e59d5847d3b1eea8d561d030/screenshot'
21:09:59.570 [Forwarding screenshot on session 0fd8b900e59d5847d3b1eea8d561d030 to remote] DEBUG org.asynchttpclient.netty.request.NettyRequestSender - Using open Channel [id: 0x4c91d69c, L:/127.0.0.1:51214 - R:localhost/127.0.0.1:61283] for GET '/session/0fd8b900e59d5847d3b1eea8d561d030/screenshot'
21:09:59.670 [AsyncHttpClient-1-2] DEBUG org.asynchttpclient.netty.handler.HttpHandler - 

Request DefaultFullHttpRequest(decodeResult: success, version: HTTP/1.1, content: EmptyByteBufBE)
GET /session/0fd8b900e59d5847d3b1eea8d561d030/screenshot HTTP/1.1
User-Agent: selenium/4.1.2 (java windows)
Cache-Control: no-cache
Content-Type: application/json; charset=utf-8
host: localhost:61283
accept: */*

Response DefaultHttpResponse(decodeResult: success, version: HTTP/1.1)
HTTP/1.1 200 OK
Content-Type: application/json; charset=utf-8
cache-control: no-cache
content-length: 68516

21:09:59.686 [AsyncHttpClient-1-2] DEBUG org.asynchttpclient.netty.channel.ChannelManager - Adding key: http://localhost:61283 for channel [id: 0x4c91d69c, L:/127.0.0.1:51214 - R:localhost/127.0.0.1:61283]
21:09:59.687 [main] DEBUG net.serenitybdd.core.photography.Darkroom - Send negative for processing for target\site\serenity\45fc441e94f300f23177357e43601bda22cb4376d9a9b0e7934baf646e618fb1.png
21:09:59.687 [main] DEBUG net.thucydides.core.steps.StepInterceptor - STEP DONE: inputPassword
  &amp#27;[32mAnd &amp#27;[0m&amp#27;[32mI Input valid password&amp#27;[0m      &amp#27;[90m# starter.stepdefinitions.LoginSteps.InputValidPassword()&amp#27;[0m
21:09:59.703 [main] DEBUG net.thucydides.core.steps.StepInterceptor - STARTING STEP: LoginSteps.ClickButtonLogin - clickLoginButton
21:09:59.703 [Forwarding findElement on session 0fd8b900e59d5847d3b1eea8d561d030 to remote] DEBUG org.asynchttpclient.netty.request.NettyRequestSender - Using pooled Channel '[id: 0x4c91d69c, L:/127.0.0.1:51214 - R:localhost/127.0.0.1:61283]' for 'POST' to 'http://localhost:61283/session/0fd8b900e59d5847d3b1eea8d561d030/element'
21:09:59.703 [Forwarding findElement on session 0fd8b900e59d5847d3b1eea8d561d030 to remote] DEBUG org.asynchttpclient.netty.request.NettyRequestSender - Using open Channel [id: 0x4c91d69c, L:/127.0.0.1:51214 - R:localhost/127.0.0.1:61283] for POST '/session/0fd8b900e59d5847d3b1eea8d561d030/element'
21:09:59.703 [AsyncHttpClient-1-2] DEBUG org.asynchttpclient.netty.handler.HttpHandler - 

Request DefaultHttpRequest(decodeResult: success, version: HTTP/1.1)
POST /session/0fd8b900e59d5847d3b1eea8d561d030/element HTTP/1.1
User-Agent: selenium/4.1.2 (java windows)
Content-Length: 70
Content-Type: application/json; charset=utf-8
host: localhost:61283
accept: */*

Response DefaultHttpResponse(decodeResult: success, version: HTTP/1.1)
HTTP/1.1 200 OK
Content-Type: application/json; charset=utf-8
cache-control: no-cache
content-length: 88

21:09:59.703 [AsyncHttpClient-1-2] DEBUG org.asynchttpclient.netty.channel.ChannelManager - Adding key: http://localhost:61283 for channel [id: 0x4c91d69c, L:/127.0.0.1:51214 - R:localhost/127.0.0.1:61283]
21:09:59.718 [Forwarding getElementTagName on session 0fd8b900e59d5847d3b1eea8d561d030 to remote] DEBUG org.asynchttpclient.netty.request.NettyRequestSender - Using pooled Channel '[id: 0x4c91d69c, L:/127.0.0.1:51214 - R:localhost/127.0.0.1:61283]' for 'GET' to 'http://localhost:61283/session/0fd8b900e59d5847d3b1eea8d561d030/element/45f7c536-a1be-4bb6-9850-1bbefa5bb47b/name'
21:09:59.718 [Forwarding getElementTagName on session 0fd8b900e59d5847d3b1eea8d561d030 to remote] DEBUG org.asynchttpclient.netty.request.NettyRequestSender - Using open Channel [id: 0x4c91d69c, L:/127.0.0.1:51214 - R:localhost/127.0.0.1:61283] for GET '/session/0fd8b900e59d5847d3b1eea8d561d030/element/45f7c536-a1be-4bb6-9850-1bbefa5bb47b/name'
21:09:59.718 [AsyncHttpClient-1-2] DEBUG org.asynchttpclient.netty.handler.HttpHandler - 

Request DefaultFullHttpRequest(decodeResult: success, version: HTTP/1.1, content: EmptyByteBufBE)
GET /session/0fd8b900e59d5847d3b1eea8d561d030/element/45f7c536-a1be-4bb6-9850-1bbefa5bb47b/name HTTP/1.1
User-Agent: selenium/4.1.2 (java windows)
Cache-Control: no-cache
Content-Type: application/json; charset=utf-8
host: localhost:61283
accept: */*

Response DefaultHttpResponse(decodeResult: success, version: HTTP/1.1)
HTTP/1.1 200 OK
Content-Type: application/json; charset=utf-8
cache-control: no-cache
content-length: 17

21:09:59.718 [AsyncHttpClient-1-2] DEBUG org.asynchttpclient.netty.channel.ChannelManager - Adding key: http://localhost:61283 for channel [id: 0x4c91d69c, L:/127.0.0.1:51214 - R:localhost/127.0.0.1:61283]
21:09:59.718 [Forwarding getElementTagName on session 0fd8b900e59d5847d3b1eea8d561d030 to remote] DEBUG org.asynchttpclient.netty.request.NettyRequestSender - Using pooled Channel '[id: 0x4c91d69c, L:/127.0.0.1:51214 - R:localhost/127.0.0.1:61283]' for 'GET' to 'http://localhost:61283/session/0fd8b900e59d5847d3b1eea8d561d030/element/45f7c536-a1be-4bb6-9850-1bbefa5bb47b/name'
21:09:59.718 [Forwarding getElementTagName on session 0fd8b900e59d5847d3b1eea8d561d030 to remote] DEBUG org.asynchttpclient.netty.request.NettyRequestSender - Using open Channel [id: 0x4c91d69c, L:/127.0.0.1:51214 - R:localhost/127.0.0.1:61283] for GET '/session/0fd8b900e59d5847d3b1eea8d561d030/element/45f7c536-a1be-4bb6-9850-1bbefa5bb47b/name'
21:09:59.718 [AsyncHttpClient-1-2] DEBUG org.asynchttpclient.netty.handler.HttpHandler - 

Request DefaultFullHttpRequest(decodeResult: success, version: HTTP/1.1, content: EmptyByteBufBE)
GET /session/0fd8b900e59d5847d3b1eea8d561d030/element/45f7c536-a1be-4bb6-9850-1bbefa5bb47b/name HTTP/1.1
User-Agent: selenium/4.1.2 (java windows)
Cache-Control: no-cache
Content-Type: application/json; charset=utf-8
host: localhost:61283
accept: */*

Response DefaultHttpResponse(decodeResult: success, version: HTTP/1.1)
HTTP/1.1 200 OK
Content-Type: application/json; charset=utf-8
cache-control: no-cache
content-length: 17

21:09:59.718 [AsyncHttpClient-1-2] DEBUG org.asynchttpclient.netty.channel.ChannelManager - Adding key: http://localhost:61283 for channel [id: 0x4c91d69c, L:/127.0.0.1:51214 - R:localhost/127.0.0.1:61283]
21:09:59.734 [Forwarding isElementEnabled on session 0fd8b900e59d5847d3b1eea8d561d030 to remote] DEBUG org.asynchttpclient.netty.request.NettyRequestSender - Using pooled Channel '[id: 0x4c91d69c, L:/127.0.0.1:51214 - R:localhost/127.0.0.1:61283]' for 'GET' to 'http://localhost:61283/session/0fd8b900e59d5847d3b1eea8d561d030/element/45f7c536-a1be-4bb6-9850-1bbefa5bb47b/enabled'
21:09:59.734 [Forwarding isElementEnabled on session 0fd8b900e59d5847d3b1eea8d561d030 to remote] DEBUG org.asynchttpclient.netty.request.NettyRequestSender - Using open Channel [id: 0x4c91d69c, L:/127.0.0.1:51214 - R:localhost/127.0.0.1:61283] for GET '/session/0fd8b900e59d5847d3b1eea8d561d030/element/45f7c536-a1be-4bb6-9850-1bbefa5bb47b/enabled'
21:09:59.734 [AsyncHttpClient-1-2] DEBUG org.asynchttpclient.netty.handler.HttpHandler - 

Request DefaultFullHttpRequest(decodeResult: success, version: HTTP/1.1, content: EmptyByteBufBE)
GET /session/0fd8b900e59d5847d3b1eea8d561d030/element/45f7c536-a1be-4bb6-9850-1bbefa5bb47b/enabled HTTP/1.1
User-Agent: selenium/4.1.2 (java windows)
Cache-Control: no-cache
Content-Type: application/json; charset=utf-8
host: localhost:61283
accept: */*

Response DefaultHttpResponse(decodeResult: success, version: HTTP/1.1)
HTTP/1.1 200 OK
Content-Type: application/json; charset=utf-8
cache-control: no-cache
content-length: 14

21:09:59.734 [AsyncHttpClient-1-2] DEBUG org.asynchttpclient.netty.channel.ChannelManager - Adding key: http://localhost:61283 for channel [id: 0x4c91d69c, L:/127.0.0.1:51214 - R:localhost/127.0.0.1:61283]
21:09:59.734 [Forwarding isElementEnabled on session 0fd8b900e59d5847d3b1eea8d561d030 to remote] DEBUG org.asynchttpclient.netty.request.NettyRequestSender - Using pooled Channel '[id: 0x4c91d69c, L:/127.0.0.1:51214 - R:localhost/127.0.0.1:61283]' for 'GET' to 'http://localhost:61283/session/0fd8b900e59d5847d3b1eea8d561d030/element/45f7c536-a1be-4bb6-9850-1bbefa5bb47b/enabled'
21:09:59.734 [Forwarding isElementEnabled on session 0fd8b900e59d5847d3b1eea8d561d030 to remote] DEBUG org.asynchttpclient.netty.request.NettyRequestSender - Using open Channel [id: 0x4c91d69c, L:/127.0.0.1:51214 - R:localhost/127.0.0.1:61283] for GET '/session/0fd8b900e59d5847d3b1eea8d561d030/element/45f7c536-a1be-4bb6-9850-1bbefa5bb47b/enabled'
21:09:59.750 [AsyncHttpClient-1-2] DEBUG org.asynchttpclient.netty.handler.HttpHandler - 

Request DefaultFullHttpRequest(decodeResult: success, version: HTTP/1.1, content: EmptyByteBufBE)
GET /session/0fd8b900e59d5847d3b1eea8d561d030/element/45f7c536-a1be-4bb6-9850-1bbefa5bb47b/enabled HTTP/1.1
User-Agent: selenium/4.1.2 (java windows)
Cache-Control: no-cache
Content-Type: application/json; charset=utf-8
host: localhost:61283
accept: */*

Response DefaultHttpResponse(decodeResult: success, version: HTTP/1.1)
HTTP/1.1 200 OK
Content-Type: application/json; charset=utf-8
cache-control: no-cache
content-length: 14

21:09:59.750 [AsyncHttpClient-1-2] DEBUG org.asynchttpclient.netty.channel.ChannelManager - Adding key: http://localhost:61283 for channel [id: 0x4c91d69c, L:/127.0.0.1:51214 - R:localhost/127.0.0.1:61283]
21:09:59.750 [Forwarding findElement on session 0fd8b900e59d5847d3b1eea8d561d030 to remote] DEBUG org.asynchttpclient.netty.request.NettyRequestSender - Using pooled Channel '[id: 0x4c91d69c, L:/127.0.0.1:51214 - R:localhost/127.0.0.1:61283]' for 'POST' to 'http://localhost:61283/session/0fd8b900e59d5847d3b1eea8d561d030/element'
21:09:59.750 [Forwarding findElement on session 0fd8b900e59d5847d3b1eea8d561d030 to remote] DEBUG org.asynchttpclient.netty.request.NettyRequestSender - Using open Channel [id: 0x4c91d69c, L:/127.0.0.1:51214 - R:localhost/127.0.0.1:61283] for POST '/session/0fd8b900e59d5847d3b1eea8d561d030/element'
21:09:59.766 [AsyncHttpClient-1-2] DEBUG org.asynchttpclient.netty.handler.HttpHandler - 

Request DefaultHttpRequest(decodeResult: success, version: HTTP/1.1)
POST /session/0fd8b900e59d5847d3b1eea8d561d030/element HTTP/1.1
User-Agent: selenium/4.1.2 (java windows)
Content-Length: 70
Content-Type: application/json; charset=utf-8
host: localhost:61283
accept: */*

Response DefaultHttpResponse(decodeResult: success, version: HTTP/1.1)
HTTP/1.1 200 OK
Content-Type: application/json; charset=utf-8
cache-control: no-cache
content-length: 88

21:09:59.767 [AsyncHttpClient-1-2] DEBUG org.asynchttpclient.netty.channel.ChannelManager - Adding key: http://localhost:61283 for channel [id: 0x4c91d69c, L:/127.0.0.1:51214 - R:localhost/127.0.0.1:61283]
21:09:59.767 [Forwarding clickElement on session 0fd8b900e59d5847d3b1eea8d561d030 to remote] DEBUG org.asynchttpclient.netty.request.NettyRequestSender - Using pooled Channel '[id: 0x4c91d69c, L:/127.0.0.1:51214 - R:localhost/127.0.0.1:61283]' for 'POST' to 'http://localhost:61283/session/0fd8b900e59d5847d3b1eea8d561d030/element/45f7c536-a1be-4bb6-9850-1bbefa5bb47b/click'
21:09:59.767 [Forwarding clickElement on session 0fd8b900e59d5847d3b1eea8d561d030 to remote] DEBUG org.asynchttpclient.netty.request.NettyRequestSender - Using open Channel [id: 0x4c91d69c, L:/127.0.0.1:51214 - R:localhost/127.0.0.1:61283] for POST '/session/0fd8b900e59d5847d3b1eea8d561d030/element/45f7c536-a1be-4bb6-9850-1bbefa5bb47b/click'
21:09:59.987 [AsyncHttpClient-1-1] DEBUG org.asynchttpclient.netty.channel.DefaultChannelPool - Entry count for : http://localhost:51215 : 1
21:10:01.076 [AsyncHttpClient-1-1] DEBUG org.asynchttpclient.netty.channel.DefaultChannelPool - Entry count for : http://localhost:51215 : 1
21:10:02.180 [AsyncHttpClient-1-1] DEBUG org.asynchttpclient.netty.channel.DefaultChannelPool - Entry count for : http://localhost:51215 : 1
21:10:03.276 [AsyncHttpClient-1-1] DEBUG org.asynchttpclient.netty.channel.DefaultChannelPool - Entry count for : http://localhost:51215 : 1
21:10:04.376 [AsyncHttpClient-1-1] DEBUG org.asynchttpclient.netty.channel.DefaultChannelPool - Entry count for : http://localhost:51215 : 1
21:10:05.477 [AsyncHttpClient-1-1] DEBUG org.asynchttpclient.netty.channel.DefaultChannelPool - Entry count for : http://localhost:51215 : 1
21:10:06.581 [AsyncHttpClient-1-1] DEBUG org.asynchttpclient.netty.channel.DefaultChannelPool - Entry count for : http://localhost:51215 : 1
21:10:07.010 [AsyncHttpClient-1-2] DEBUG org.asynchttpclient.netty.handler.HttpHandler - 

Request DefaultHttpRequest(decodeResult: success, version: HTTP/1.1)
POST /session/0fd8b900e59d5847d3b1eea8d561d030/element/45f7c536-a1be-4bb6-9850-1bbefa5bb47b/click HTTP/1.1
User-Agent: selenium/4.1.2 (java windows)
Content-Length: 50
Content-Type: application/json; charset=utf-8
host: localhost:61283
accept: */*

Response DefaultHttpResponse(decodeResult: success, version: HTTP/1.1)
HTTP/1.1 200 OK
Content-Type: application/json; charset=utf-8
cache-control: no-cache
content-length: 14

21:10:07.010 [AsyncHttpClient-1-2] DEBUG org.asynchttpclient.netty.channel.ChannelManager - Adding key: http://localhost:61283 for channel [id: 0x4c91d69c, L:/127.0.0.1:51214 - R:localhost/127.0.0.1:61283]
21:10:07.024 [Forwarding screenshot on session 0fd8b900e59d5847d3b1eea8d561d030 to remote] DEBUG org.asynchttpclient.netty.request.NettyRequestSender - Using pooled Channel '[id: 0x4c91d69c, L:/127.0.0.1:51214 - R:localhost/127.0.0.1:61283]' for 'GET' to 'http://localhost:61283/session/0fd8b900e59d5847d3b1eea8d561d030/screenshot'
21:10:07.025 [Forwarding screenshot on session 0fd8b900e59d5847d3b1eea8d561d030 to remote] DEBUG org.asynchttpclient.netty.request.NettyRequestSender - Using open Channel [id: 0x4c91d69c, L:/127.0.0.1:51214 - R:localhost/127.0.0.1:61283] for GET '/session/0fd8b900e59d5847d3b1eea8d561d030/screenshot'
21:10:07.186 [AsyncHttpClient-1-2] DEBUG org.asynchttpclient.netty.handler.HttpHandler - 

Request DefaultFullHttpRequest(decodeResult: success, version: HTTP/1.1, content: EmptyByteBufBE)
GET /session/0fd8b900e59d5847d3b1eea8d561d030/screenshot HTTP/1.1
User-Agent: selenium/4.1.2 (java windows)
Cache-Control: no-cache
Content-Type: application/json; charset=utf-8
host: localhost:61283
accept: */*

Response DefaultHttpResponse(decodeResult: success, version: HTTP/1.1)
HTTP/1.1 200 OK
Content-Type: application/json; charset=utf-8
cache-control: no-cache
content-length: 19436

21:10:07.187 [AsyncHttpClient-1-2] DEBUG org.asynchttpclient.netty.channel.ChannelManager - Adding key: http://localhost:61283 for channel [id: 0x4c91d69c, L:/127.0.0.1:51214 - R:localhost/127.0.0.1:61283]
21:10:07.192 [main] DEBUG net.serenitybdd.core.photography.Darkroom - Send negative for processing for target\site\serenity\d5964b58598478515ebf7609de81b17fb2e953c38e166860230a4dd0e7f33400.png
21:10:07.192 [main] DEBUG net.thucydides.core.steps.StepInterceptor - STEP DONE: clickLoginButton
21:10:07.192 [Darkroom Processing Line] DEBUG net.serenitybdd.core.photography.DarkroomProcessingLine - Processing screenshot image in /var/screenshots/screenshot-7850756788088904250
  &amp#27;[32mAnd &amp#27;[0m&amp#27;[32mI Click button login&amp#27;[0m        &amp#27;[90m# starter.stepdefinitions.LoginSteps.ClickButtonLogin()&amp#27;[0m
21:10:07.192 [Darkroom Processing Line] DEBUG net.serenitybdd.core.photography.DarkroomProcessingLine - Saving screenshot to target\site\serenity\d5964b58598478515ebf7609de81b17fb2e953c38e166860230a4dd0e7f33400.png
21:10:07.205 [Forwarding findElement on session 0fd8b900e59d5847d3b1eea8d561d030 to remote] DEBUG org.asynchttpclient.netty.request.NettyRequestSender - Using pooled Channel '[id: 0x4c91d69c, L:/127.0.0.1:51214 - R:localhost/127.0.0.1:61283]' for 'POST' to 'http://localhost:61283/session/0fd8b900e59d5847d3b1eea8d561d030/element'
21:10:07.205 [Forwarding findElement on session 0fd8b900e59d5847d3b1eea8d561d030 to remote] DEBUG org.asynchttpclient.netty.request.NettyRequestSender - Using open Channel [id: 0x4c91d69c, L:/127.0.0.1:51214 - R:localhost/127.0.0.1:61283] for POST '/session/0fd8b900e59d5847d3b1eea8d561d030/element'
21:10:07.680 [AsyncHttpClient-1-1] DEBUG org.asynchttpclient.netty.channel.DefaultChannelPool - Entry count for : http://localhost:51215 : 1
21:10:08.784 [AsyncHttpClient-1-1] DEBUG org.asynchttpclient.netty.channel.DefaultChannelPool - Entry count for : http://localhost:51215 : 1
21:10:09.530 [AsyncHttpClient-1-2] DEBUG org.asynchttpclient.netty.handler.HttpHandler - 

Request DefaultHttpRequest(decodeResult: success, version: HTTP/1.1)
POST /session/0fd8b900e59d5847d3b1eea8d561d030/element HTTP/1.1
User-Agent: selenium/4.1.2 (java windows)
Content-Length: 78
Content-Type: application/json; charset=utf-8
host: localhost:61283
accept: */*

Response DefaultHttpResponse(decodeResult: success, version: HTTP/1.1)
HTTP/1.1 200 OK
Content-Type: application/json; charset=utf-8
cache-control: no-cache
content-length: 88

21:10:09.530 [AsyncHttpClient-1-2] DEBUG org.asynchttpclient.netty.channel.ChannelManager - Adding key: http://localhost:61283 for channel [id: 0x4c91d69c, L:/127.0.0.1:51214 - R:localhost/127.0.0.1:61283]
21:10:09.536 [Forwarding isElementDisplayed on session 0fd8b900e59d5847d3b1eea8d561d030 to remote] DEBUG org.asynchttpclient.netty.request.NettyRequestSender - Using pooled Channel '[id: 0x4c91d69c, L:/127.0.0.1:51214 - R:localhost/127.0.0.1:61283]' for 'POST' to 'http://localhost:61283/session/0fd8b900e59d5847d3b1eea8d561d030/execute/sync'
21:10:09.536 [Forwarding isElementDisplayed on session 0fd8b900e59d5847d3b1eea8d561d030 to remote] DEBUG org.asynchttpclient.netty.request.NettyRequestSender - Using open Channel [id: 0x4c91d69c, L:/127.0.0.1:51214 - R:localhost/127.0.0.1:61283] for POST '/session/0fd8b900e59d5847d3b1eea8d561d030/execute/sync'
21:10:09.551 [AsyncHttpClient-1-2] DEBUG org.asynchttpclient.netty.handler.HttpHandler - 

Request DefaultHttpRequest(decodeResult: success, version: HTTP/1.1)
POST /session/0fd8b900e59d5847d3b1eea8d561d030/execute/sync HTTP/1.1
User-Agent: selenium/4.1.2 (java windows)
Content-Length: 48780
Content-Type: application/json; charset=utf-8
host: localhost:61283
accept: */*

Response DefaultHttpResponse(decodeResult: success, version: HTTP/1.1)
HTTP/1.1 200 OK
Content-Type: application/json; charset=utf-8
cache-control: no-cache
content-length: 14

21:10:09.551 [AsyncHttpClient-1-2] DEBUG org.asynchttpclient.netty.channel.ChannelManager - Adding key: http://localhost:61283 for channel [id: 0x4c91d69c, L:/127.0.0.1:51214 - R:localhost/127.0.0.1:61283]
21:10:09.556 [Forwarding isElementDisplayed on session 0fd8b900e59d5847d3b1eea8d561d030 to remote] DEBUG org.asynchttpclient.netty.request.NettyRequestSender - Using pooled Channel '[id: 0x4c91d69c, L:/127.0.0.1:51214 - R:localhost/127.0.0.1:61283]' for 'POST' to 'http://localhost:61283/session/0fd8b900e59d5847d3b1eea8d561d030/execute/sync'
21:10:09.557 [Forwarding isElementDisplayed on session 0fd8b900e59d5847d3b1eea8d561d030 to remote] DEBUG org.asynchttpclient.netty.request.NettyRequestSender - Using open Channel [id: 0x4c91d69c, L:/127.0.0.1:51214 - R:localhost/127.0.0.1:61283] for POST '/session/0fd8b900e59d5847d3b1eea8d561d030/execute/sync'
21:10:09.567 [AsyncHttpClient-1-2] DEBUG org.asynchttpclient.netty.handler.HttpHandler - 

Request DefaultHttpRequest(decodeResult: success, version: HTTP/1.1)
POST /session/0fd8b900e59d5847d3b1eea8d561d030/execute/sync HTTP/1.1
User-Agent: selenium/4.1.2 (java windows)
Content-Length: 48780
Content-Type: application/json; charset=utf-8
host: localhost:61283
accept: */*

Response DefaultHttpResponse(decodeResult: success, version: HTTP/1.1)
HTTP/1.1 200 OK
Content-Type: application/json; charset=utf-8
cache-control: no-cache
content-length: 14

21:10:09.567 [AsyncHttpClient-1-2] DEBUG org.asynchttpclient.netty.channel.ChannelManager - Adding key: http://localhost:61283 for channel [id: 0x4c91d69c, L:/127.0.0.1:51214 - R:localhost/127.0.0.1:61283]
  &amp#27;[32mThen &amp#27;[0m&amp#27;[32mI can see my home page&amp#27;[0m     &amp#27;[90m# starter.stepdefinitions.LoginSteps.CanSeeMyHomePage()&amp#27;[0m
21:10:09.570 [Forwarding screenshot on session 0fd8b900e59d5847d3b1eea8d561d030 to remote] DEBUG org.asynchttpclient.netty.request.NettyRequestSender - Using pooled Channel '[id: 0x4c91d69c, L:/127.0.0.1:51214 - R:localhost/127.0.0.1:61283]' for 'GET' to 'http://localhost:61283/session/0fd8b900e59d5847d3b1eea8d561d030/screenshot'
21:10:09.570 [Forwarding screenshot on session 0fd8b900e59d5847d3b1eea8d561d030 to remote] DEBUG org.asynchttpclient.netty.request.NettyRequestSender - Using open Channel [id: 0x4c91d69c, L:/127.0.0.1:51214 - R:localhost/127.0.0.1:61283] for GET '/session/0fd8b900e59d5847d3b1eea8d561d030/screenshot'
21:10:09.685 [AsyncHttpClient-1-2] DEBUG org.asynchttpclient.netty.handler.HttpHandler - 

Request DefaultFullHttpRequest(decodeResult: success, version: HTTP/1.1, content: EmptyByteBufBE)
GET /session/0fd8b900e59d5847d3b1eea8d561d030/screenshot HTTP/1.1
User-Agent: selenium/4.1.2 (java windows)
Cache-Control: no-cache
Content-Type: application/json; charset=utf-8
host: localhost:61283
accept: */*

Response DefaultHttpResponse(decodeResult: success, version: HTTP/1.1)
HTTP/1.1 200 OK
Content-Type: application/json; charset=utf-8
cache-control: no-cache
content-length: 51412

21:10:09.685 [AsyncHttpClient-1-2] DEBUG org.asynchttpclient.netty.channel.ChannelManager - Adding key: http://localhost:61283 for channel [id: 0x4c91d69c, L:/127.0.0.1:51214 - R:localhost/127.0.0.1:61283]
21:10:09.685 [main] DEBUG net.serenitybdd.core.photography.Darkroom - Send negative for processing for target\site\serenity\19a98dd5a84deb232b83fde8b161daf3a3482126e042272d3c72fc570629d96a.png
21:10:09.685 [main] INFO  - 
  _____   ___   ___   _____     ___     _     ___   ___   ___   ___  
 |_   _| | __| / __| |_   _|   | _ \   /_\   / __| / __| | __| |   \ 
   | |   | _|  \__ \   | |     |  _/  / _ \  \__ \ \__ \ | _|  | |) |
   |_|   |___| |___/   |_|     |_|   /_/ \_\ |___/ |___/ |___| |___/ 

User Login Successfully
----------------------------------------------------------------------
21:10:09.794 [Driver Command Executor] DEBUG org.asynchttpclient.netty.request.NettyRequestSender - Using pooled Channel '[id: 0x4c91d69c, L:/127.0.0.1:51214 - R:localhost/127.0.0.1:61283]' for 'DELETE' to 'http://localhost:61283/session/0fd8b900e59d5847d3b1eea8d561d030'
21:10:09.794 [Driver Command Executor] DEBUG org.asynchttpclient.netty.request.NettyRequestSender - Using open Channel [id: 0x4c91d69c, L:/127.0.0.1:51214 - R:localhost/127.0.0.1:61283] for DELETE '/session/0fd8b900e59d5847d3b1eea8d561d030'
21:10:09.795 [AsyncHttpClient-1-4] DEBUG org.asynchttpclient.netty.handler.WebSocketHandler - Channel Closed: [id: 0xc3974286, L:/127.0.0.1:51222 ! R:localhost/127.0.0.1:51215] with attribute NettyResponseFuture{currentRetry=5,
	isDone=1,
	isCancelled=0,
	asyncHandler=org.asynchttpclient.ws.WebSocketUpgradeHandler@49028,
	nettyRequest=org.asynchttpclient.netty.request.NettyRequest@ac0cb4,
	future=java.util.concurrent.CompletableFuture@1c811ca[Completed normally],
	uri=ws://localhost:51215/devtools/browser/a9d12881-bb8b-4c5d-8936-e1da7573f812,
	keepAlive=true,
	redirectCount=0,
	timeoutsHolder=null,
	inAuth=0,
	touch=1655820595922}
21:10:09.796 [AsyncHttpClient-1-4] DEBUG org.asynchttpclient.netty.channel.ChannelManager - Closing Channel [id: 0xc3974286, L:/127.0.0.1:51222 ! R:localhost/127.0.0.1:51215] 
21:10:09.855 [AsyncHttpClient-1-3] DEBUG org.asynchttpclient.netty.handler.HttpHandler - Unexpected I/O exception on channel [id: 0x073e05dc, L:/127.0.0.1:51221 - R:localhost/127.0.0.1:51215]
java.io.IOException: An existing connection was forcibly closed by the remote host
	at sun.nio.ch.SocketDispatcher.read0(Native Method)
	at sun.nio.ch.SocketDispatcher.read(SocketDispatcher.java:43)
	at sun.nio.ch.IOUtil.readIntoNativeBuffer(IOUtil.java:223)
	at sun.nio.ch.IOUtil.read(IOUtil.java:192)
	at sun.nio.ch.SocketChannelImpl.read(SocketChannelImpl.java:378)
	at io.netty.buffer.PooledByteBuf.setBytes(PooledByteBuf.java:258)
	at io.netty.buffer.AbstractByteBuf.writeBytes(AbstractByteBuf.java:1132)
	at io.netty.channel.socket.nio.NioSocketChannel.doReadBytes(NioSocketChannel.java:350)
	at io.netty.channel.nio.AbstractNioByteChannel$NioByteUnsafe.read(AbstractNioByteChannel.java:151)
	at io.netty.channel.nio.NioEventLoop.processSelectedKey(NioEventLoop.java:722)
	at io.netty.channel.nio.NioEventLoop.processSelectedKeysOptimized(NioEventLoop.java:658)
	at io.netty.channel.nio.NioEventLoop.processSelectedKeys(NioEventLoop.java:584)
	at io.netty.channel.nio.NioEventLoop.run(NioEventLoop.java:496)
	at io.netty.util.concurrent.SingleThreadEventExecutor$4.run(SingleThreadEventExecutor.java:986)
	at io.netty.util.internal.ThreadExecutorMap$2.run(ThreadExecutorMap.java:74)
	at io.netty.util.concurrent.FastThreadLocalRunnable.run(FastThreadLocalRunnable.java:30)
	at java.lang.Thread.run(Thread.java:750)
21:10:09.856 [AsyncHttpClient-1-3] DEBUG org.asynchttpclient.netty.channel.ChannelManager - Closing Channel [id: 0x073e05dc, L:/127.0.0.1:51221 - R:localhost/127.0.0.1:51215] 
21:10:09.857 [AsyncHttpClient-1-3] DEBUG org.asynchttpclient.netty.handler.HttpHandler - Channel Closed: [id: 0x073e05dc, L:/127.0.0.1:51221 ! R:localhost/127.0.0.1:51215] with attribute DISCARD
21:10:09.877 [AsyncHttpClient-1-1] DEBUG org.asynchttpclient.netty.channel.DefaultChannelPool - Entry count for : http://localhost:51215 : 1
21:10:09.877 [AsyncHttpClient-1-1] DEBUG org.asynchttpclient.netty.channel.DefaultChannelPool - Adding Candidate expired Channel [id: 0x073e05dc, L:/127.0.0.1:51221 ! R:localhost/127.0.0.1:51215] isIdleTimeoutExpired=false isRemotelyClosed=true isTtlExpired=false
21:10:09.877 [AsyncHttpClient-1-1] DEBUG org.asynchttpclient.netty.channel.DefaultChannelPool - Closing Idle Channel [id: 0x073e05dc, L:/127.0.0.1:51221 ! R:localhost/127.0.0.1:51215]
21:10:09.878 [AsyncHttpClient-1-1] DEBUG org.asynchttpclient.netty.channel.DefaultChannelPool - Closed 1 connections out of 1 in 1 ms
21:10:10.093 [AsyncHttpClient-1-2] DEBUG org.asynchttpclient.netty.handler.HttpHandler - 

Request DefaultFullHttpRequest(decodeResult: success, version: HTTP/1.1, content: EmptyByteBufBE)
DELETE /session/0fd8b900e59d5847d3b1eea8d561d030 HTTP/1.1
User-Agent: selenium/4.1.2 (java windows)
Content-Type: application/json; charset=utf-8
host: localhost:61283
accept: */*

Response DefaultHttpResponse(decodeResult: success, version: HTTP/1.1)
HTTP/1.1 200 OK
Content-Type: application/json; charset=utf-8
cache-control: no-cache
content-length: 14

21:10:10.094 [AsyncHttpClient-1-2] DEBUG org.asynchttpclient.netty.channel.ChannelManager - Adding key: http://localhost:61283 for channel [id: 0x4c91d69c, L:/127.0.0.1:51214 - R:localhost/127.0.0.1:61283]
21:10:10.137 [AsyncHttpClient-1-2] DEBUG org.asynchttpclient.netty.handler.HttpHandler - Channel Closed: [id: 0x4c91d69c, L:/127.0.0.1:51214 ! R:localhost/127.0.0.1:61283] with attribute DISCARD
]]></system-out>
    <system-err><![CDATA[Starting ChromeDriver 102.0.5005.61 (0e59bcc00cc4985ce39ad31c150065f159d95ad3-refs/branch-heads/5005@{#819}) on port 61283
Only local connections are allowed.
Please see https://chromedriver.chromium.org/security-considerations for suggestions on keeping ChromeDriver safe.
ChromeDriver was started successfully.
Jun 21, 2022 9:09:55 PM org.openqa.selenium.remote.ProtocolHandshake createSession
INFO: Detected dialect: W3C
Jun 21, 2022 9:09:55 PM org.openqa.selenium.devtools.CdpVersionFinder findNearestMatch
WARNING: Unable to find an exact match for CDP version 102, so returning the closest version found: a no-op implementation
Jun 21, 2022 9:09:55 PM org.openqa.selenium.devtools.CdpVersionFinder findNearestMatch
INFO: Unable to find CDP implementation matching 102.
Jun 21, 2022 9:09:55 PM org.openqa.selenium.chromium.ChromiumDriver lambda$new$3
WARNING: Unable to find version of CDP to use for . You may need to include a dependency on a specific version of the CDP using something similar to `org.seleniumhq.selenium:selenium-devtools-v86:4.1.2` where the version ("v86") matches the version of the chromium-based browser you're using and the version number of the artifact is the same as Selenium's.
]]></system-err>
  </testcase>
  <testcase name="User Login Unsuccessfully" classname="Login - Kompas.com" time="6.751">
    <system-out><![CDATA[
@Login-Feature @Login-Unsuccessfully
Scenario: User Login Unsuccessfully &amp#27;[90m# src/test/resources/features/Login.feature:16&amp#27;[0m
21:10:10.673 [main] INFO io.cucumber.core.plugin.SerenityReporter - Running feature from file:///D:/AUTOMATION%20TEST/web-automation-kompas-with-serenity/src/test/resources/features/Login.feature
21:10:10.675 [main] INFO  - 
  _____   ___   ___   _____     ___   _____     _     ___   _____   ___   ___  
 |_   _| | __| / __| |_   _|   / __| |_   _|   /_\   | _ \ |_   _| | __| |   \ 
   | |   | _|  \__ \   | |     \__ \   | |    / _ \  |   /   | |   | _|  | |) |
   |_|   |___| |___/   |_|     |___/   |_|   /_/ \_\ |_|_\   |_|   |___| |___/ 

User Login Unsuccessfully(login---kompas.com;user-login-unsuccessfully)
--------------------------------------------------------------------------------
21:10:10.698 [main] DEBUG net.thucydides.core.steps.StepInterceptor - STARTING STEP: LoginSteps.OpenKompasLoginPage - onPage
21:10:10.701 [main] INFO net.serenitybdd.core.webdriver.driverproviders.ChromeDriverProvider - Using automatically driver download
21:10:10.839 [main] DEBUG io.github.bonigarcia.wdm.cache.ResolutionCache - Resolution chrome=102 in cache (valid until 21:54:59 21/06/2022 ICT)
21:10:10.843 [main] DEBUG io.github.bonigarcia.wdm.cache.ResolutionCache - Resolution chrome102=102.0.5005.61 in cache (valid until 09:08:44 22/06/2022 ICT)
21:10:10.845 [main] INFO io.github.bonigarcia.wdm.WebDriverManager - Using chromedriver 102.0.5005.61 (resolved driver for Chrome 102)
21:10:10.857 [main] DEBUG io.github.bonigarcia.wdm.WebDriverManager - Driver chromedriver 102.0.5005.61 found in cache
21:10:10.861 [main] INFO io.github.bonigarcia.wdm.WebDriverManager - Exporting webdriver.chrome.driver as C:\Users\ASUS\.cache\selenium\chromedriver\win32\102.0.5005.61\chromedriver.exe
21:10:10.975 [main] DEBUG net.serenitybdd.core.webdriver.driverproviders.ProvideNewDriver - Instantiating driver
21:10:10.975 [main] DEBUG net.serenitybdd.core.webdriver.driverproviders.ProvideNewDriver - Driver capabilities: Capabilities {acceptInsecureCerts: false, base.url: https://account.kompas.com/..., browserName: chrome, chrome.driver: src/test/resources/webdrive..., driver: chrome, goog:chromeOptions: {args: [], extensions: []}}
21:10:10.976 [AsyncHttpClient-1-1] DEBUG org.asynchttpclient.netty.channel.DefaultChannelPool - Entry count for : http://localhost:61283 : 1
21:10:10.976 [AsyncHttpClient-1-1] DEBUG org.asynchttpclient.netty.channel.DefaultChannelPool - Adding Candidate expired Channel [id: 0x4c91d69c, L:/127.0.0.1:51214 ! R:localhost/127.0.0.1:61283] isIdleTimeoutExpired=false isRemotelyClosed=true isTtlExpired=false
21:10:10.976 [AsyncHttpClient-1-1] DEBUG org.asynchttpclient.netty.channel.DefaultChannelPool - Closing Idle Channel [id: 0x4c91d69c, L:/127.0.0.1:51214 ! R:localhost/127.0.0.1:61283]
21:10:10.976 [AsyncHttpClient-1-1] DEBUG org.asynchttpclient.netty.channel.DefaultChannelPool - Closed 1 connections out of 1 in 0 ms
21:10:11.518 [AsyncHttpClient-1-5] DEBUG org.asynchttpclient.netty.channel.NettyConnectListener - Using new Channel '[id: 0xd76793e9, L:/127.0.0.1:51300 - R:localhost/127.0.0.1:50673]' for 'POST' to '/session'
21:10:12.248 [AsyncHttpClient-1-5] DEBUG org.asynchttpclient.netty.handler.HttpHandler - 

Request DefaultHttpRequest(decodeResult: success, version: HTTP/1.1)
POST /session HTTP/1.1
User-Agent: selenium/4.1.2 (java windows)
Content-Length: 624
Content-Type: application/json; charset=utf-8
host: localhost:50673
accept: */*

Response DefaultHttpResponse(decodeResult: success, version: HTTP/1.1)
HTTP/1.1 200 OK
Content-Type: application/json; charset=utf-8
cache-control: no-cache
content-length: 790

21:10:12.248 [AsyncHttpClient-1-5] DEBUG org.asynchttpclient.netty.channel.ChannelManager - Adding key: http://localhost:50673 for channel [id: 0xd76793e9, L:/127.0.0.1:51300 - R:localhost/127.0.0.1:50673]
21:10:12.262 [AsyncHttpClient-1-6] DEBUG org.asynchttpclient.netty.channel.NettyConnectListener - Using new Channel '[id: 0x1a5cf91d, L:/127.0.0.1:51307 - R:localhost/127.0.0.1:51301]' for 'GET' to '/json/version'
21:10:12.263 [AsyncHttpClient-1-6] DEBUG org.asynchttpclient.netty.handler.HttpHandler - 

Request DefaultFullHttpRequest(decodeResult: success, version: HTTP/1.1, content: EmptyByteBufBE)
GET /json/version HTTP/1.1
User-Agent: selenium/4.1.2 (java windows)
host: localhost:51301
accept: */*

Response DefaultHttpResponse(decodeResult: success, version: HTTP/1.1)
HTTP/1.1 200 OK
Content-Type: application/json; charset=UTF-8
content-length: 428

21:10:12.263 [AsyncHttpClient-1-6] DEBUG org.asynchttpclient.netty.channel.ChannelManager - Adding key: http://localhost:51301 for channel [id: 0x1a5cf91d, L:/127.0.0.1:51307 - R:localhost/127.0.0.1:51301]
21:10:12.265 [AsyncHttpClient-1-7] DEBUG org.asynchttpclient.netty.channel.NettyConnectListener - Using new Channel '[id: 0x3f35580f, L:/127.0.0.1:51308 - R:localhost/127.0.0.1:51301]' for 'GET' to '/devtools/browser/fd914df2-6aa2-4d92-a3a0-b1a5b4300c87'
21:10:12.267 [AsyncHttpClient-1-7] DEBUG org.asynchttpclient.netty.handler.WebSocketHandler - 

Request DefaultFullHttpRequest(decodeResult: success, version: HTTP/1.1, content: EmptyByteBufBE)
GET /devtools/browser/fd914df2-6aa2-4d92-a3a0-b1a5b4300c87 HTTP/1.1
upgrade: websocket
connection: upgrade
sec-websocket-key: JbRzPiJrEOqr+M4dAd/c4w==
sec-websocket-version: 13
origin: http://localhost:51301
host: localhost:51301
accept: */*
user-agent: AHC/2.1

Response DefaultHttpResponse(decodeResult: success, version: HTTP/1.1)
HTTP/1.1 101 WebSocket Protocol Handshake
Upgrade: WebSocket
Connection: Upgrade
Sec-WebSocket-Accept: ISw8DndZ81lA+s1PDNYl4kUt2O8=

21:10:12.271 [Forwarding get on session 186edba7d4c94509175f862be63f4081 to remote] DEBUG org.asynchttpclient.netty.request.NettyRequestSender - Using pooled Channel '[id: 0xd76793e9, L:/127.0.0.1:51300 - R:localhost/127.0.0.1:50673]' for 'POST' to 'http://localhost:50673/session/186edba7d4c94509175f862be63f4081/url'
21:10:12.271 [Forwarding get on session 186edba7d4c94509175f862be63f4081 to remote] DEBUG org.asynchttpclient.netty.request.NettyRequestSender - Using open Channel [id: 0xd76793e9, L:/127.0.0.1:51300 - R:localhost/127.0.0.1:50673] for POST '/session/186edba7d4c94509175f862be63f4081/url'
21:10:13.177 [AsyncHttpClient-1-1] DEBUG org.asynchttpclient.netty.channel.DefaultChannelPool - Entry count for : http://localhost:51301 : 1
21:10:14.277 [AsyncHttpClient-1-1] DEBUG org.asynchttpclient.netty.channel.DefaultChannelPool - Entry count for : http://localhost:51301 : 1
21:10:14.544 [AsyncHttpClient-1-5] DEBUG org.asynchttpclient.netty.handler.HttpHandler - 

Request DefaultHttpRequest(decodeResult: success, version: HTTP/1.1)
POST /session/186edba7d4c94509175f862be63f4081/url HTTP/1.1
User-Agent: selenium/4.1.2 (java windows)
Content-Length: 79
Content-Type: application/json; charset=utf-8
host: localhost:50673
accept: */*

Response DefaultHttpResponse(decodeResult: success, version: HTTP/1.1)
HTTP/1.1 200 OK
Content-Type: application/json; charset=utf-8
cache-control: no-cache
content-length: 14

21:10:14.544 [AsyncHttpClient-1-5] DEBUG org.asynchttpclient.netty.channel.ChannelManager - Adding key: http://localhost:50673 for channel [id: 0xd76793e9, L:/127.0.0.1:51300 - R:localhost/127.0.0.1:50673]
21:10:14.547 [Forwarding setTimeout on session 186edba7d4c94509175f862be63f4081 to remote] DEBUG org.asynchttpclient.netty.request.NettyRequestSender - Using pooled Channel '[id: 0xd76793e9, L:/127.0.0.1:51300 - R:localhost/127.0.0.1:50673]' for 'POST' to 'http://localhost:50673/session/186edba7d4c94509175f862be63f4081/timeouts'
21:10:14.547 [Forwarding setTimeout on session 186edba7d4c94509175f862be63f4081 to remote] DEBUG org.asynchttpclient.netty.request.NettyRequestSender - Using open Channel [id: 0xd76793e9, L:/127.0.0.1:51300 - R:localhost/127.0.0.1:50673] for POST '/session/186edba7d4c94509175f862be63f4081/timeouts'
21:10:14.549 [AsyncHttpClient-1-5] DEBUG org.asynchttpclient.netty.handler.HttpHandler - 

Request DefaultHttpRequest(decodeResult: success, version: HTTP/1.1)
POST /session/186edba7d4c94509175f862be63f4081/timeouts HTTP/1.1
User-Agent: selenium/4.1.2 (java windows)
Content-Length: 22
Content-Type: application/json; charset=utf-8
host: localhost:50673
accept: */*

Response DefaultHttpResponse(decodeResult: success, version: HTTP/1.1)
HTTP/1.1 200 OK
Content-Type: application/json; charset=utf-8
cache-control: no-cache
content-length: 14

21:10:14.549 [AsyncHttpClient-1-5] DEBUG org.asynchttpclient.netty.channel.ChannelManager - Adding key: http://localhost:50673 for channel [id: 0xd76793e9, L:/127.0.0.1:51300 - R:localhost/127.0.0.1:50673]
21:10:14.565 [Forwarding getCurrentUrl on session 186edba7d4c94509175f862be63f4081 to remote] DEBUG org.asynchttpclient.netty.request.NettyRequestSender - Using pooled Channel '[id: 0xd76793e9, L:/127.0.0.1:51300 - R:localhost/127.0.0.1:50673]' for 'GET' to 'http://localhost:50673/session/186edba7d4c94509175f862be63f4081/url'
21:10:14.565 [Forwarding getCurrentUrl on session 186edba7d4c94509175f862be63f4081 to remote] DEBUG org.asynchttpclient.netty.request.NettyRequestSender - Using open Channel [id: 0xd76793e9, L:/127.0.0.1:51300 - R:localhost/127.0.0.1:50673] for GET '/session/186edba7d4c94509175f862be63f4081/url'
21:10:14.572 [AsyncHttpClient-1-5] DEBUG org.asynchttpclient.netty.handler.HttpHandler - 

Request DefaultFullHttpRequest(decodeResult: success, version: HTTP/1.1, content: EmptyByteBufBE)
GET /session/186edba7d4c94509175f862be63f4081/url HTTP/1.1
User-Agent: selenium/4.1.2 (java windows)
Cache-Control: no-cache
Content-Type: application/json; charset=utf-8
host: localhost:50673
accept: */*

Response DefaultHttpResponse(decodeResult: success, version: HTTP/1.1)
HTTP/1.1 200 OK
Content-Type: application/json; charset=utf-8
cache-control: no-cache
content-length: 51

21:10:14.572 [AsyncHttpClient-1-5] DEBUG org.asynchttpclient.netty.channel.ChannelManager - Adding key: http://localhost:50673 for channel [id: 0xd76793e9, L:/127.0.0.1:51300 - R:localhost/127.0.0.1:50673]
21:10:14.575 [Forwarding getCurrentUrl on session 186edba7d4c94509175f862be63f4081 to remote] DEBUG org.asynchttpclient.netty.request.NettyRequestSender - Using pooled Channel '[id: 0xd76793e9, L:/127.0.0.1:51300 - R:localhost/127.0.0.1:50673]' for 'GET' to 'http://localhost:50673/session/186edba7d4c94509175f862be63f4081/url'
21:10:14.576 [Forwarding getCurrentUrl on session 186edba7d4c94509175f862be63f4081 to remote] DEBUG org.asynchttpclient.netty.request.NettyRequestSender - Using open Channel [id: 0xd76793e9, L:/127.0.0.1:51300 - R:localhost/127.0.0.1:50673] for GET '/session/186edba7d4c94509175f862be63f4081/url'
21:10:14.579 [AsyncHttpClient-1-5] DEBUG org.asynchttpclient.netty.handler.HttpHandler - 

Request DefaultFullHttpRequest(decodeResult: success, version: HTTP/1.1, content: EmptyByteBufBE)
GET /session/186edba7d4c94509175f862be63f4081/url HTTP/1.1
User-Agent: selenium/4.1.2 (java windows)
Cache-Control: no-cache
Content-Type: application/json; charset=utf-8
host: localhost:50673
accept: */*

[...]
21:10:35.098 [Forwarding findElement on session 33dfd08f7f7df264a2a00bd875788134 to remote] DEBUG org.asynchttpclient.netty.request.NettyRequestSender - Using open Channel [id: 0x784fbdf6, L:/127.0.0.1:51358 - R:localhost/127.0.0.1:50771] for POST '/session/33dfd08f7f7df264a2a00bd875788134/element'
21:10:35.113 [AsyncHttpClient-1-8] DEBUG org.asynchttpclient.netty.handler.HttpHandler - 

Request DefaultHttpRequest(decodeResult: success, version: HTTP/1.1)
POST /session/33dfd08f7f7df264a2a00bd875788134/element HTTP/1.1
User-Agent: selenium/4.1.2 (java windows)
Content-Length: 188
Content-Type: application/json; charset=utf-8
host: localhost:50771
accept: */*

Response DefaultHttpResponse(decodeResult: success, version: HTTP/1.1)
HTTP/1.1 200 OK
Content-Type: application/json; charset=utf-8
cache-control: no-cache
content-length: 88

21:10:35.113 [AsyncHttpClient-1-8] DEBUG org.asynchttpclient.netty.channel.ChannelManager - Adding key: http://localhost:50771 for channel [id: 0x784fbdf6, L:/127.0.0.1:51358 - R:localhost/127.0.0.1:50771]
21:10:35.115 [Forwarding getElementTagName on session 33dfd08f7f7df264a2a00bd875788134 to remote] DEBUG org.asynchttpclient.netty.request.NettyRequestSender - Using pooled Channel '[id: 0x784fbdf6, L:/127.0.0.1:51358 - R:localhost/127.0.0.1:50771]' for 'GET' to 'http://localhost:50771/session/33dfd08f7f7df264a2a00bd875788134/element/f3f3b53a-38be-4df6-8dd6-69c13858cd39/name'
21:10:35.115 [Forwarding getElementTagName on session 33dfd08f7f7df264a2a00bd875788134 to remote] DEBUG org.asynchttpclient.netty.request.NettyRequestSender - Using open Channel [id: 0x784fbdf6, L:/127.0.0.1:51358 - R:localhost/127.0.0.1:50771] for GET '/session/33dfd08f7f7df264a2a00bd875788134/element/f3f3b53a-38be-4df6-8dd6-69c13858cd39/name'
21:10:35.122 [AsyncHttpClient-1-8] DEBUG org.asynchttpclient.netty.handler.HttpHandler - 

Request DefaultFullHttpRequest(decodeResult: success, version: HTTP/1.1, content: EmptyByteBufBE)
GET /session/33dfd08f7f7df264a2a00bd875788134/element/f3f3b53a-38be-4df6-8dd6-69c13858cd39/name HTTP/1.1
User-Agent: selenium/4.1.2 (java windows)
Cache-Control: no-cache
Content-Type: application/json; charset=utf-8
host: localhost:50771
accept: */*

Response DefaultHttpResponse(decodeResult: success, version: HTTP/1.1)
HTTP/1.1 200 OK
Content-Type: application/json; charset=utf-8
cache-control: no-cache
content-length: 15

21:10:35.122 [AsyncHttpClient-1-8] DEBUG org.asynchttpclient.netty.channel.ChannelManager - Adding key: http://localhost:50771 for channel [id: 0x784fbdf6, L:/127.0.0.1:51358 - R:localhost/127.0.0.1:50771]
21:10:35.124 [Forwarding getElementTagName on session 33dfd08f7f7df264a2a00bd875788134 to remote] DEBUG org.asynchttpclient.netty.request.NettyRequestSender - Using pooled Channel '[id: 0x784fbdf6, L:/127.0.0.1:51358 - R:localhost/127.0.0.1:50771]' for 'GET' to 'http://localhost:50771/session/33dfd08f7f7df264a2a00bd875788134/element/f3f3b53a-38be-4df6-8dd6-69c13858cd39/name'
21:10:35.124 [Forwarding getElementTagName on session 33dfd08f7f7df264a2a00bd875788134 to remote] DEBUG org.asynchttpclient.netty.request.NettyRequestSender - Using open Channel [id: 0x784fbdf6, L:/127.0.0.1:51358 - R:localhost/127.0.0.1:50771] for GET '/session/33dfd08f7f7df264a2a00bd875788134/element/f3f3b53a-38be-4df6-8dd6-69c13858cd39/name'
21:10:35.131 [AsyncHttpClient-1-8] DEBUG org.asynchttpclient.netty.handler.HttpHandler - 

Request DefaultFullHttpRequest(decodeResult: success, version: HTTP/1.1, content: EmptyByteBufBE)
GET /session/33dfd08f7f7df264a2a00bd875788134/element/f3f3b53a-38be-4df6-8dd6-69c13858cd39/name HTTP/1.1
User-Agent: selenium/4.1.2 (java windows)
Cache-Control: no-cache
Content-Type: application/json; charset=utf-8
host: localhost:50771
accept: */*

Response DefaultHttpResponse(decodeResult: success, version: HTTP/1.1)
HTTP/1.1 200 OK
Content-Type: application/json; charset=utf-8
cache-control: no-cache
content-length: 15

21:10:35.131 [AsyncHttpClient-1-8] DEBUG org.asynchttpclient.netty.channel.ChannelManager - Adding key: http://localhost:50771 for channel [id: 0x784fbdf6, L:/127.0.0.1:51358 - R:localhost/127.0.0.1:50771]
21:10:35.133 [Forwarding findElement on session 33dfd08f7f7df264a2a00bd875788134 to remote] DEBUG org.asynchttpclient.netty.request.NettyRequestSender - Using pooled Channel '[id: 0x784fbdf6, L:/127.0.0.1:51358 - R:localhost/127.0.0.1:50771]' for 'POST' to 'http://localhost:50771/session/33dfd08f7f7df264a2a00bd875788134/element'
21:10:35.133 [Forwarding findElement on session 33dfd08f7f7df264a2a00bd875788134 to remote] DEBUG org.asynchttpclient.netty.request.NettyRequestSender - Using open Channel [id: 0x784fbdf6, L:/127.0.0.1:51358 - R:localhost/127.0.0.1:50771] for POST '/session/33dfd08f7f7df264a2a00bd875788134/element'
21:10:35.141 [AsyncHttpClient-1-8] DEBUG org.asynchttpclient.netty.handler.HttpHandler - 

Request DefaultHttpRequest(decodeResult: success, version: HTTP/1.1)
POST /session/33dfd08f7f7df264a2a00bd875788134/element HTTP/1.1
User-Agent: selenium/4.1.2 (java windows)
Content-Length: 188
Content-Type: application/json; charset=utf-8
host: localhost:50771
accept: */*

Response DefaultHttpResponse(decodeResult: success, version: HTTP/1.1)
HTTP/1.1 200 OK
Content-Type: application/json; charset=utf-8
cache-control: no-cache
content-length: 88

21:10:35.144 [AsyncHttpClient-1-8] DEBUG org.asynchttpclient.netty.channel.ChannelManager - Adding key: http://localhost:50771 for channel [id: 0x784fbdf6, L:/127.0.0.1:51358 - R:localhost/127.0.0.1:50771]
21:10:35.145 [Forwarding clickElement on session 33dfd08f7f7df264a2a00bd875788134 to remote] DEBUG org.asynchttpclient.netty.request.NettyRequestSender - Using pooled Channel '[id: 0x784fbdf6, L:/127.0.0.1:51358 - R:localhost/127.0.0.1:50771]' for 'POST' to 'http://localhost:50771/session/33dfd08f7f7df264a2a00bd875788134/element/f3f3b53a-38be-4df6-8dd6-69c13858cd39/click'
21:10:35.145 [Forwarding clickElement on session 33dfd08f7f7df264a2a00bd875788134 to remote] DEBUG org.asynchttpclient.netty.request.NettyRequestSender - Using open Channel [id: 0x784fbdf6, L:/127.0.0.1:51358 - R:localhost/127.0.0.1:50771] for POST '/session/33dfd08f7f7df264a2a00bd875788134/element/f3f3b53a-38be-4df6-8dd6-69c13858cd39/click'
21:10:35.177 [AsyncHttpClient-1-1] DEBUG org.asynchttpclient.netty.channel.DefaultChannelPool - Entry count for : http://localhost:51359 : 1
21:10:36.278 [AsyncHttpClient-1-1] DEBUG org.asynchttpclient.netty.channel.DefaultChannelPool - Entry count for : http://localhost:51359 : 1
21:10:37.376 [AsyncHttpClient-1-1] DEBUG org.asynchttpclient.netty.channel.DefaultChannelPool - Entry count for : http://localhost:51359 : 1
21:10:38.483 [AsyncHttpClient-1-1] DEBUG org.asynchttpclient.netty.channel.DefaultChannelPool - Entry count for : http://localhost:51359 : 1
21:10:39.579 [AsyncHttpClient-1-1] DEBUG org.asynchttpclient.netty.channel.DefaultChannelPool - Entry count for : http://localhost:51359 : 1
21:10:40.683 [AsyncHttpClient-1-1] DEBUG org.asynchttpclient.netty.channel.DefaultChannelPool - Entry count for : http://localhost:51359 : 1
21:10:41.782 [AsyncHttpClient-1-1] DEBUG org.asynchttpclient.netty.channel.DefaultChannelPool - Entry count for : http://localhost:51359 : 1
21:10:42.235 [AsyncHttpClient-1-8] DEBUG org.asynchttpclient.netty.handler.HttpHandler - 

Request DefaultHttpRequest(decodeResult: success, version: HTTP/1.1)
POST /session/33dfd08f7f7df264a2a00bd875788134/element/f3f3b53a-38be-4df6-8dd6-69c13858cd39/click HTTP/1.1
User-Agent: selenium/4.1.2 (java windows)
Content-Length: 50
Content-Type: application/json; charset=utf-8
host: localhost:50771
accept: */*

Response DefaultHttpResponse(decodeResult: success, version: HTTP/1.1)
HTTP/1.1 200 OK
Content-Type: application/json; charset=utf-8
cache-control: no-cache
content-length: 14

21:10:42.236 [AsyncHttpClient-1-8] DEBUG org.asynchttpclient.netty.channel.ChannelManager - Adding key: http://localhost:50771 for channel [id: 0x784fbdf6, L:/127.0.0.1:51358 - R:localhost/127.0.0.1:50771]
  &amp#27;[32mAnd &amp#27;[0m&amp#27;[32mI click news in the second line&amp#27;[0m &amp#27;[90m# starter.stepdefinitions.SearchStep.iClickNewsInTheSecondLine()&amp#27;[0m
21:10:42.243 [Forwarding screenshot on session 33dfd08f7f7df264a2a00bd875788134 to remote] DEBUG org.asynchttpclient.netty.request.NettyRequestSender - Using pooled Channel '[id: 0x784fbdf6, L:/127.0.0.1:51358 - R:localhost/127.0.0.1:50771]' for 'GET' to 'http://localhost:50771/session/33dfd08f7f7df264a2a00bd875788134/screenshot'
21:10:42.243 [Forwarding screenshot on session 33dfd08f7f7df264a2a00bd875788134 to remote] DEBUG org.asynchttpclient.netty.request.NettyRequestSender - Using open Channel [id: 0x784fbdf6, L:/127.0.0.1:51358 - R:localhost/127.0.0.1:50771] for GET '/session/33dfd08f7f7df264a2a00bd875788134/screenshot'
21:10:42.588 [AsyncHttpClient-1-8] DEBUG org.asynchttpclient.netty.handler.HttpHandler - 

Request DefaultFullHttpRequest(decodeResult: success, version: HTTP/1.1, content: EmptyByteBufBE)
GET /session/33dfd08f7f7df264a2a00bd875788134/screenshot HTTP/1.1
User-Agent: selenium/4.1.2 (java windows)
Cache-Control: no-cache
Content-Type: application/json; charset=utf-8
host: localhost:50771
accept: */*

Response DefaultHttpResponse(decodeResult: success, version: HTTP/1.1)
HTTP/1.1 200 OK
Content-Type: application/json; charset=utf-8
cache-control: no-cache
content-length: 949564

21:10:42.618 [AsyncHttpClient-1-8] DEBUG org.asynchttpclient.netty.channel.ChannelManager - Adding key: http://localhost:50771 for channel [id: 0x784fbdf6, L:/127.0.0.1:51358 - R:localhost/127.0.0.1:50771]
21:10:42.703 [main] DEBUG net.serenitybdd.core.photography.Darkroom - Send negative for processing for target\site\serenity\af863e762e681f579f711d32ff3ba3d79ca3e822d130af3acc86d51d940af6d9.png
21:10:42.704 [Darkroom Processing Line] DEBUG net.serenitybdd.core.photography.DarkroomProcessingLine - Processing screenshot image in /var/screenshots/screenshot-1847518932832863769
21:10:42.704 [Darkroom Processing Line] DEBUG net.serenitybdd.core.photography.DarkroomProcessingLine - Saving screenshot to target\site\serenity\af863e762e681f579f711d32ff3ba3d79ca3e822d130af3acc86d51d940af6d9.png
21:10:42.709 [Forwarding findElement on session 33dfd08f7f7df264a2a00bd875788134 to remote] DEBUG org.asynchttpclient.netty.request.NettyRequestSender - Using pooled Channel '[id: 0x784fbdf6, L:/127.0.0.1:51358 - R:localhost/127.0.0.1:50771]' for 'POST' to 'http://localhost:50771/session/33dfd08f7f7df264a2a00bd875788134/element'
21:10:42.709 [Forwarding findElement on session 33dfd08f7f7df264a2a00bd875788134 to remote] DEBUG org.asynchttpclient.netty.request.NettyRequestSender - Using open Channel [id: 0x784fbdf6, L:/127.0.0.1:51358 - R:localhost/127.0.0.1:50771] for POST '/session/33dfd08f7f7df264a2a00bd875788134/element'
21:10:42.720 [AsyncHttpClient-1-8] DEBUG org.asynchttpclient.netty.handler.HttpHandler - 

Request DefaultHttpRequest(decodeResult: success, version: HTTP/1.1)
POST /session/33dfd08f7f7df264a2a00bd875788134/element HTTP/1.1
User-Agent: selenium/4.1.2 (java windows)
Content-Length: 168
Content-Type: application/json; charset=utf-8
host: localhost:50771
accept: */*

Response DefaultHttpResponse(decodeResult: success, version: HTTP/1.1)
HTTP/1.1 200 OK
Content-Type: application/json; charset=utf-8
cache-control: no-cache
content-length: 88

21:10:42.720 [AsyncHttpClient-1-8] DEBUG org.asynchttpclient.netty.channel.ChannelManager - Adding key: http://localhost:50771 for channel [id: 0x784fbdf6, L:/127.0.0.1:51358 - R:localhost/127.0.0.1:50771]
21:10:42.720 [Forwarding isElementDisplayed on session 33dfd08f7f7df264a2a00bd875788134 to remote] DEBUG org.asynchttpclient.netty.request.NettyRequestSender - Using pooled Channel '[id: 0x784fbdf6, L:/127.0.0.1:51358 - R:localhost/127.0.0.1:50771]' for 'POST' to 'http://localhost:50771/session/33dfd08f7f7df264a2a00bd875788134/execute/sync'
21:10:42.720 [Forwarding isElementDisplayed on session 33dfd08f7f7df264a2a00bd875788134 to remote] DEBUG org.asynchttpclient.netty.request.NettyRequestSender - Using open Channel [id: 0x784fbdf6, L:/127.0.0.1:51358 - R:localhost/127.0.0.1:50771] for POST '/session/33dfd08f7f7df264a2a00bd875788134/execute/sync'
21:10:42.741 [AsyncHttpClient-1-8] DEBUG org.asynchttpclient.netty.handler.HttpHandler - 

Request DefaultHttpRequest(decodeResult: success, version: HTTP/1.1)
POST /session/33dfd08f7f7df264a2a00bd875788134/execute/sync HTTP/1.1
User-Agent: selenium/4.1.2 (java windows)
Content-Length: 48780
Content-Type: application/json; charset=utf-8
host: localhost:50771
accept: */*

Response DefaultHttpResponse(decodeResult: success, version: HTTP/1.1)
HTTP/1.1 200 OK
Content-Type: application/json; charset=utf-8
cache-control: no-cache
content-length: 14

21:10:42.741 [AsyncHttpClient-1-8] DEBUG org.asynchttpclient.netty.channel.ChannelManager - Adding key: http://localhost:50771 for channel [id: 0x784fbdf6, L:/127.0.0.1:51358 - R:localhost/127.0.0.1:50771]
  &amp#27;[32mThen &amp#27;[0m&amp#27;[32mI can see the news&amp#27;[0m             &amp#27;[90m# starter.stepdefinitions.SearchStep.iCanSeeTheNews()&amp#27;[0m
21:10:42.745 [main] INFO  - 
  _____   ___   ___   _____     ___     _     ___   ___   ___   ___  
 |_   _| | __| / __| |_   _|   | _ \   /_\   / __| / __| | __| |   \ 
   | |   | _|  \__ \   | |     |  _/  / _ \  \__ \ \__ \ | _|  | |) |
   |_|   |___| |___/   |_|     |_|   /_/ \_\ |___/ |___/ |___| |___/ 

Search News Successfully
----------------------------------------------------------------------
21:10:42.747 [Driver Command Executor] DEBUG org.asynchttpclient.netty.request.NettyRequestSender - Using pooled Channel '[id: 0x784fbdf6, L:/127.0.0.1:51358 - R:localhost/127.0.0.1:50771]' for 'DELETE' to 'http://localhost:50771/session/33dfd08f7f7df264a2a00bd875788134'
21:10:42.747 [Driver Command Executor] DEBUG org.asynchttpclient.netty.request.NettyRequestSender - Using open Channel [id: 0x784fbdf6, L:/127.0.0.1:51358 - R:localhost/127.0.0.1:50771] for DELETE '/session/33dfd08f7f7df264a2a00bd875788134'
21:10:42.747 [AsyncHttpClient-1-10] DEBUG org.asynchttpclient.netty.handler.WebSocketHandler - Channel Closed: [id: 0x018092e5, L:/127.0.0.1:51366 ! R:localhost/127.0.0.1:51359] with attribute NettyResponseFuture{currentRetry=5,
	isDone=1,
	isCancelled=0,
	asyncHandler=org.asynchttpclient.ws.WebSocketUpgradeHandler@d85724,
	nettyRequest=org.asynchttpclient.netty.request.NettyRequest@1dac9db,
	future=java.util.concurrent.CompletableFuture@178f28[Completed normally],
	uri=ws://localhost:51359/devtools/browser/cbb9ac37-07ad-4319-bac3-568039e4bb50,
	keepAlive=true,
	redirectCount=0,
	timeoutsHolder=null,
	inAuth=0,
	touch=1655820618766}
21:10:42.747 [AsyncHttpClient-1-10] DEBUG org.asynchttpclient.netty.channel.ChannelManager - Closing Channel [id: 0x018092e5, L:/127.0.0.1:51366 ! R:localhost/127.0.0.1:51359] 
21:10:42.829 [AsyncHttpClient-1-9] DEBUG org.asynchttpclient.netty.handler.HttpHandler - Unexpected I/O exception on channel [id: 0xab3afe2b, L:/127.0.0.1:51365 - R:localhost/127.0.0.1:51359]
java.io.IOException: An existing connection was forcibly closed by the remote host
	at sun.nio.ch.SocketDispatcher.read0(Native Method)
	at sun.nio.ch.SocketDispatcher.read(SocketDispatcher.java:43)
	at sun.nio.ch.IOUtil.readIntoNativeBuffer(IOUtil.java:223)
	at sun.nio.ch.IOUtil.read(IOUtil.java:192)
	at sun.nio.ch.SocketChannelImpl.read(SocketChannelImpl.java:378)
	at io.netty.buffer.PooledByteBuf.setBytes(PooledByteBuf.java:258)
	at io.netty.buffer.AbstractByteBuf.writeBytes(AbstractByteBuf.java:1132)
	at io.netty.channel.socket.nio.NioSocketChannel.doReadBytes(NioSocketChannel.java:350)
	at io.netty.channel.nio.AbstractNioByteChannel$NioByteUnsafe.read(AbstractNioByteChannel.java:151)
	at io.netty.channel.nio.NioEventLoop.processSelectedKey(NioEventLoop.java:722)
	at io.netty.channel.nio.NioEventLoop.processSelectedKeysOptimized(NioEventLoop.java:658)
	at io.netty.channel.nio.NioEventLoop.processSelectedKeys(NioEventLoop.java:584)
	at io.netty.channel.nio.NioEventLoop.run(NioEventLoop.java:496)
	at io.netty.util.concurrent.SingleThreadEventExecutor$4.run(SingleThreadEventExecutor.java:986)
	at io.netty.util.internal.ThreadExecutorMap$2.run(ThreadExecutorMap.java:74)
	at io.netty.util.concurrent.FastThreadLocalRunnable.run(FastThreadLocalRunnable.java:30)
	at java.lang.Thread.run(Thread.java:750)
21:10:42.829 [AsyncHttpClient-1-9] DEBUG org.asynchttpclient.netty.channel.ChannelManager - Closing Channel [id: 0xab3afe2b, L:/127.0.0.1:51365 - R:localhost/127.0.0.1:51359] 
21:10:42.829 [AsyncHttpClient-1-9] DEBUG org.asynchttpclient.netty.handler.HttpHandler - Channel Closed: [id: 0xab3afe2b, L:/127.0.0.1:51365 ! R:localhost/127.0.0.1:51359] with attribute DISCARD
21:10:42.876 [AsyncHttpClient-1-1] DEBUG org.asynchttpclient.netty.channel.DefaultChannelPool - Entry count for : http://localhost:51359 : 1
21:10:42.876 [AsyncHttpClient-1-1] DEBUG org.asynchttpclient.netty.channel.DefaultChannelPool - Adding Candidate expired Channel [id: 0xab3afe2b, L:/127.0.0.1:51365 ! R:localhost/127.0.0.1:51359] isIdleTimeoutExpired=false isRemotelyClosed=true isTtlExpired=false
21:10:42.876 [AsyncHttpClient-1-1] DEBUG org.asynchttpclient.netty.channel.DefaultChannelPool - Closing Idle Channel [id: 0xab3afe2b, L:/127.0.0.1:51365 ! R:localhost/127.0.0.1:51359]
21:10:42.876 [AsyncHttpClient-1-1] DEBUG org.asynchttpclient.netty.channel.DefaultChannelPool - Closed 1 connections out of 1 in 0 ms
21:10:43.070 [AsyncHttpClient-1-8] DEBUG org.asynchttpclient.netty.handler.HttpHandler - 

Request DefaultFullHttpRequest(decodeResult: success, version: HTTP/1.1, content: EmptyByteBufBE)
DELETE /session/33dfd08f7f7df264a2a00bd875788134 HTTP/1.1
User-Agent: selenium/4.1.2 (java windows)
Content-Type: application/json; charset=utf-8
host: localhost:50771
accept: */*

Response DefaultHttpResponse(decodeResult: success, version: HTTP/1.1)
HTTP/1.1 200 OK
Content-Type: application/json; charset=utf-8
cache-control: no-cache
content-length: 14

21:10:43.070 [AsyncHttpClient-1-8] DEBUG org.asynchttpclient.netty.channel.ChannelManager - Adding key: http://localhost:50771 for channel [id: 0x784fbdf6, L:/127.0.0.1:51358 - R:localhost/127.0.0.1:50771]
21:10:43.150 [AsyncHttpClient-1-8] DEBUG org.asynchttpclient.netty.handler.HttpHandler - Channel Closed: [id: 0x784fbdf6, L:/127.0.0.1:51358 ! R:localhost/127.0.0.1:50771] with attribute DISCARD
]]></system-out>
    <system-err><![CDATA[Starting ChromeDriver 102.0.5005.61 (0e59bcc00cc4985ce39ad31c150065f159d95ad3-refs/branch-heads/5005@{#819}) on port 50771
Only local connections are allowed.
Please see https://chromedriver.chromium.org/security-considerations for suggestions on keeping ChromeDriver safe.
ChromeDriver was started successfully.
Jun 21, 2022 9:10:18 PM org.openqa.selenium.remote.ProtocolHandshake createSession
INFO: Detected dialect: W3C
Jun 21, 2022 9:10:18 PM org.openqa.selenium.devtools.CdpVersionFinder findNearestMatch
WARNING: Unable to find an exact match for CDP version 102, so returning the closest version found: a no-op implementation
Jun 21, 2022 9:10:18 PM org.openqa.selenium.devtools.CdpVersionFinder findNearestMatch
INFO: Unable to find CDP implementation matching 102.
Jun 21, 2022 9:10:18 PM org.openqa.selenium.chromium.ChromiumDriver lambda$new$3
WARNING: Unable to find version of CDP to use for . You may need to include a dependency on a specific version of the CDP using something similar to `org.seleniumhq.selenium:selenium-devtools-v86:4.1.2` where the version ("v86") matches the version of the chromium-based browser you're using and the version number of the artifact is the same as Selenium's.
]]></system-err>
  </testcase>
</testsuite>